Log file open, 03/20/17 20:47:10
LogInit:Display: Running engine for game: TheShadowRealm
LogPlatformFile: Not using cached read wrapper
LogInit:Display: RandInit(-662164899) SRandInit(-662164899).
LogTaskGraph: Started task graph with 5 named threads and 6 total threads with 1 sets of task threads.
LogStats: Stats thread started at 0.430908
LogPluginManager: Loaded Plugin Paper2D, From C:/Program Files (x86)/Epic Games/4.14/Engine/Plugins/2D/Paper2D/Paper2D.uplugin
LogPluginManager: Loaded Plugin LightPropagationVolume, From C:/Program Files (x86)/Epic Games/4.14/Engine/Plugins/Blendables/LightPropagationVolume/LightPropagationVolume.uplugin
LogPluginManager: Loaded Plugin BlankPlugin, From C:/Program Files (x86)/Epic Games/4.14/Engine/Plugins/Developer/BlankPlugin/BlankPlugin.uplugin
LogPluginManager: Loaded Plugin CodeLiteSourceCodeAccess, From C:/Program Files (x86)/Epic Games/4.14/Engine/Plugins/Developer/CodeLiteSourceCodeAccess/CodeLiteSourceCodeAccess.uplugin
LogPluginManager: Loaded Plugin GitSourceControl, From C:/Program Files (x86)/Epic Games/4.14/Engine/Plugins/Developer/GitSourceControl/GitSourceControl.uplugin
LogPluginManager: Loaded Plugin KDevelopSourceCodeAccess, From C:/Program Files (x86)/Epic Games/4.14/Engine/Plugins/Developer/KDevelopSourceCodeAccess/KDevelopSourceCodeAccess.uplugin
LogPluginManager: Loaded Plugin NullSourceCodeAccess, From C:/Program Files (x86)/Epic Games/4.14/Engine/Plugins/Developer/NullSourceCodeAccess/NullSourceCodeAccess.uplugin
LogPluginManager: Loaded Plugin OneSkyLocalizationService, From C:/Program Files (x86)/Epic Games/4.14/Engine/Plugins/Developer/OneSkyLocalizationService/OneSkyLocalizationService.uplugin
LogPluginManager: Loaded Plugin PerforceSourceControl, From C:/Program Files (x86)/Epic Games/4.14/Engine/Plugins/Developer/PerforceSourceControl/PerforceSourceControl.uplugin
LogPluginManager: Loaded Plugin SubversionSourceControl, From C:/Program Files (x86)/Epic Games/4.14/Engine/Plugins/Developer/SubversionSourceControl/SubversionSourceControl.uplugin
LogPluginManager: Loaded Plugin UObjectPlugin, From C:/Program Files (x86)/Epic Games/4.14/Engine/Plugins/Developer/UObjectPlugin/UObjectPlugin.uplugin
LogPluginManager: Loaded Plugin VisualStudioSourceCodeAccess, From C:/Program Files (x86)/Epic Games/4.14/Engine/Plugins/Developer/VisualStudioSourceCodeAccess/VisualStudioSourceCodeAccess.uplugin
LogPluginManager: Loaded Plugin XCodeSourceCodeAccess, From C:/Program Files (x86)/Epic Games/4.14/Engine/Plugins/Developer/XCodeSourceCodeAccess/XCodeSourceCodeAccess.uplugin
LogPluginManager: Loaded Plugin AudioCapture, From C:/Program Files (x86)/Epic Games/4.14/Engine/Plugins/Editor/AudioCapture/AudioCapture.uplugin
LogPluginManager: Loaded Plugin EpicSurvey, From C:/Program Files (x86)/Epic Games/4.14/Engine/Plugins/Editor/EpicSurvey/EpicSurvey.uplugin
LogPluginManager: Loaded Plugin MacGraphicsSwitching, From C:/Program Files (x86)/Epic Games/4.14/Engine/Plugins/Editor/MacGraphicsSwitching/MacGraphicsSwitching.uplugin
LogPluginManager: Loaded Plugin MobileLauncherProfileWizard, From C:/Program Files (x86)/Epic Games/4.14/Engine/Plugins/Editor/MobileLauncherProfileWizard/MobileLauncherProfileWizard.uplugin
LogPluginManager: Loaded Plugin PluginBrowser, From C:/Program Files (x86)/Epic Games/4.14/Engine/Plugins/Editor/PluginBrowser/PluginBrowser.uplugin
LogPluginManager: Loaded Plugin SpeedTreeImporter, From C:/Program Files (x86)/Epic Games/4.14/Engine/Plugins/Editor/SpeedTreeImporter/SpeedTreeImporter.uplugin
LogPluginManager: Loaded Plugin SuperSearchEditor, From C:/Program Files (x86)/Epic Games/4.14/Engine/Plugins/Editor/SuperSearchEditor/SuperSearchEditor.uplugin
LogPluginManager: Loaded Plugin AlembicImporter, From C:/Program Files (x86)/Epic Games/4.14/Engine/Plugins/Experimental/AlembicImporter/AlembicImporter.uplugin
LogPluginManager: Loaded Plugin BlueprintStats, From C:/Program Files (x86)/Epic Games/4.14/Engine/Plugins/Experimental/BlueprintStats/BlueprintStats.uplugin
LogPluginManager: Loaded Plugin CharacterAI, From C:/Program Files (x86)/Epic Games/4.14/Engine/Plugins/Experimental/CharacterAI/CharacterAI.uplugin
LogPluginManager: Loaded Plugin CodeEditor, From C:/Program Files (x86)/Epic Games/4.14/Engine/Plugins/Experimental/CodeEditor/CodeEditor.uplugin
LogPluginManager: Loaded Plugin CodeView, From C:/Program Files (x86)/Epic Games/4.14/Engine/Plugins/Experimental/CodeView/CodeView.uplugin
LogPluginManager: Loaded Plugin HTML5Networking, From C:/Program Files (x86)/Epic Games/4.14/Engine/Plugins/Experimental/HTML5Networking/HTML5Networking.uplugin
LogPluginManager: Loaded Plugin OSVR, From C:/Program Files (x86)/Epic Games/4.14/Engine/Plugins/Experimental/OSVR/OSVR.uplugin
LogPluginManager: Loaded Plugin Phya, From C:/Program Files (x86)/Epic Games/4.14/Engine/Plugins/Experimental/Phya/Phya.uplugin
LogPluginManager: Loaded Plugin SignificanceManager, From C:/Program Files (x86)/Epic Games/4.14/Engine/Plugins/Experimental/SignificanceManager/SignificanceManager.uplugin
LogPluginManager: Loaded Plugin SimpleHMD, From C:/Program Files (x86)/Epic Games/4.14/Engine/Plugins/Experimental/SimpleHMD/SimpleHMD.uplugin
LogPluginManager: Loaded Plugin StereoPanorama, From C:/Program Files (x86)/Epic Games/4.14/Engine/Plugins/Experimental/StereoPanorama/StereoPanorama.uplugin
LogPluginManager: Loaded Plugin StructBox, From C:/Program Files (x86)/Epic Games/4.14/Engine/Plugins/Experimental/StructBox/StructBox.uplugin
LogPluginManager: Loaded Plugin AndroidMedia, From C:/Program Files (x86)/Epic Games/4.14/Engine/Plugins/Media/AndroidMedia/AndroidMedia.uplugin
LogPluginManager: Loaded Plugin AvfMedia, From C:/Program Files (x86)/Epic Games/4.14/Engine/Plugins/Media/AvfMedia/AvfMedia.uplugin
LogPluginManager: Loaded Plugin MediaPlayerEditor, From C:/Program Files (x86)/Epic Games/4.14/Engine/Plugins/Media/MediaPlayerEditor/MediaPlayerEditor.uplugin
LogPluginManager: Loaded Plugin WmfMedia, From C:/Program Files (x86)/Epic Games/4.14/Engine/Plugins/Media/WmfMedia/WmfMedia.uplugin
LogPluginManager: Loaded Plugin MessagingDebugger, From C:/Program Files (x86)/Epic Games/4.14/Engine/Plugins/Messaging/MessagingDebugger/MessagingDebugger.uplugin
LogPluginManager: Loaded Plugin TcpMessaging, From C:/Program Files (x86)/Epic Games/4.14/Engine/Plugins/Messaging/TcpMessaging/TcpMessaging.uplugin
LogPluginManager: Loaded Plugin UdpMessaging, From C:/Program Files (x86)/Epic Games/4.14/Engine/Plugins/Messaging/UdpMessaging/UdpMessaging.uplugin
LogPluginManager: Loaded Plugin LevelSequenceEditor, From C:/Program Files (x86)/Epic Games/4.14/Engine/Plugins/MovieScene/LevelSequenceEditor/LevelSequenceEditor.uplugin
LogPluginManager: Loaded Plugin MatineeToLevelSequence, From C:/Program Files (x86)/Epic Games/4.14/Engine/Plugins/MovieScene/MatineeToLevelSequence/MatineeToLevelSequence.uplugin
LogPluginManager: Loaded Plugin NetcodeUnitTest, From C:/Program Files (x86)/Epic Games/4.14/Engine/Plugins/NetcodeUnitTest/NetcodeUnitTest/NetcodeUnitTest.uplugin
LogPluginManager: Loaded Plugin NUTUnrealEngine4, From C:/Program Files (x86)/Epic Games/4.14/Engine/Plugins/NetcodeUnitTest/NUTUnrealEngine4/NUTUnrealEngine4.uplugin
LogPluginManager: Loaded Plugin OnlineSubsystemGameCircle, From C:/Program Files (x86)/Epic Games/4.14/Engine/Plugins/Online/Android/OnlineSubsystemGameCircle/OnlineSubsystemGameCircle.uplugin
LogPluginManager: Loaded Plugin OnlineSubsystemGooglePlay, From C:/Program Files (x86)/Epic Games/4.14/Engine/Plugins/Online/Android/OnlineSubsystemGooglePlay/OnlineSubsystemGooglePlay.uplugin
LogPluginManager: Loaded Plugin OnlineSubsystemIOS, From C:/Program Files (x86)/Epic Games/4.14/Engine/Plugins/Online/IOS/OnlineSubsystemIOS/OnlineSubsystemIOS.uplugin
LogPluginManager: Loaded Plugin OnlineFramework, From C:/Program Files (x86)/Epic Games/4.14/Engine/Plugins/Online/OnlineFramework/OnlineFramework.uplugin
LogPluginManager: Loaded Plugin OnlineSubsystem, From C:/Program Files (x86)/Epic Games/4.14/Engine/Plugins/Online/OnlineSubsystem/OnlineSubsystem.uplugin
LogPluginManager: Loaded Plugin OnlineSubsystemAmazon, From C:/Program Files (x86)/Epic Games/4.14/Engine/Plugins/Online/OnlineSubsystemAmazon/OnlineSubsystemAmazon.uplugin
LogPluginManager: Loaded Plugin OnlineSubsystemFacebook, From C:/Program Files (x86)/Epic Games/4.14/Engine/Plugins/Online/OnlineSubsystemFacebook/OnlineSubsystemFacebook.uplugin
LogPluginManager: Loaded Plugin OnlineSubsystemNull, From C:/Program Files (x86)/Epic Games/4.14/Engine/Plugins/Online/OnlineSubsystemNull/OnlineSubsystemNull.uplugin
LogPluginManager: Loaded Plugin OnlineSubsystemOculus, From C:/Program Files (x86)/Epic Games/4.14/Engine/Plugins/Online/OnlineSubsystemOculus/OnlineSubsystemOculus.uplugin
LogPluginManager: Loaded Plugin OnlineSubsystemSteam, From C:/Program Files (x86)/Epic Games/4.14/Engine/Plugins/Online/OnlineSubsystemSteam/OnlineSubsystemSteam.uplugin
LogPluginManager: Loaded Plugin OnlineSubsystemUtils, From C:/Program Files (x86)/Epic Games/4.14/Engine/Plugins/Online/OnlineSubsystemUtils/OnlineSubsystemUtils.uplugin
LogPluginManager: Loaded Plugin IOSTapJoy, From C:/Program Files (x86)/Epic Games/4.14/Engine/Plugins/Runtime/Advertising/IOSTapJoy/IOSTapJoy.uplugin
LogPluginManager: Loaded Plugin AnalyticsBlueprintLibrary, From C:/Program Files (x86)/Epic Games/4.14/Engine/Plugins/Runtime/Analytics/AnalyticsBlueprintLibrary/AnalyticsBlueprintLibrary.uplugin
LogPluginManager: Loaded Plugin AnalyticsMulticast, From C:/Program Files (x86)/Epic Games/4.14/Engine/Plugins/Runtime/Analytics/AnalyticsMulticast/AnalyticsMulticast.uplugin
LogPluginManager: Loaded Plugin Apsalar, From C:/Program Files (x86)/Epic Games/4.14/Engine/Plugins/Runtime/Analytics/Apsalar/Apsalar.uplugin
LogPluginManager: Loaded Plugin FileLogging, From C:/Program Files (x86)/Epic Games/4.14/Engine/Plugins/Runtime/Analytics/FileLogging/FileLogging.uplugin
LogPluginManager: Loaded Plugin Flurry, From C:/Program Files (x86)/Epic Games/4.14/Engine/Plugins/Runtime/Analytics/Flurry/Flurry.uplugin
LogPluginManager: Loaded Plugin AndroidDeviceProfileSelector, From C:/Program Files (x86)/Epic Games/4.14/Engine/Plugins/Runtime/AndroidDeviceProfileSelector/AndroidDeviceProfileSelector.uplugin
LogPluginManager: Loaded Plugin AndroidMoviePlayer, From C:/Program Files (x86)/Epic Games/4.14/Engine/Plugins/Runtime/AndroidMoviePlayer/AndroidMoviePlayer.uplugin
LogPluginManager: Loaded Plugin AppleMoviePlayer, From C:/Program Files (x86)/Epic Games/4.14/Engine/Plugins/Runtime/AppleMoviePlayer/AppleMoviePlayer.uplugin
LogPluginManager: Loaded Plugin ArchVisCharacter, From C:/Program Files (x86)/Epic Games/4.14/Engine/Plugins/Runtime/ArchVisCharacter/ArchVisCharacter.uplugin
LogPluginManager: Loaded Plugin CableComponent, From C:/Program Files (x86)/Epic Games/4.14/Engine/Plugins/Runtime/CableComponent/CableComponent.uplugin
LogPluginManager: Loaded Plugin CustomMeshComponent, From C:/Program Files (x86)/Epic Games/4.14/Engine/Plugins/Runtime/CustomMeshComponent/CustomMeshComponent.uplugin
LogPluginManager: Loaded Plugin ExampleDeviceProfileSelector, From C:/Program Files (x86)/Epic Games/4.14/Engine/Plugins/Runtime/ExampleDeviceProfileSelector/ExampleDeviceProfileSelector.uplugin
LogPluginManager: Loaded Plugin GearVR, From C:/Program Files (x86)/Epic Games/4.14/Engine/Plugins/Runtime/GearVR/GearVR.uplugin
LogPluginManager: Loaded Plugin GoogleVRController, From C:/Program Files (x86)/Epic Games/4.14/Engine/Plugins/Runtime/GoogleVR/GoogleVRController/GoogleVRController.uplugin
LogPluginManager: Loaded Plugin GoogleVRHMD, From C:/Program Files (x86)/Epic Games/4.14/Engine/Plugins/Runtime/GoogleVR/GoogleVRHMD/GoogleVRHMD.uplugin
LogPluginManager: Loaded Plugin IOSDeviceProfileSelector, From C:/Program Files (x86)/Epic Games/4.14/Engine/Plugins/Runtime/IOSDeviceProfileSelector/IOSDeviceProfileSelector.uplugin
LogPluginManager: Loaded Plugin LeapMotion, From C:/Program Files (x86)/Epic Games/4.14/Engine/Plugins/Runtime/LeapMotion/LeapMotion.uplugin
LogPluginManager: Loaded Plugin LinuxDeviceProfileSelector, From C:/Program Files (x86)/Epic Games/4.14/Engine/Plugins/Runtime/LinuxDeviceProfileSelector/LinuxDeviceProfileSelector.uplugin
LogPluginManager: Loaded Plugin MIDIDevice, From C:/Program Files (x86)/Epic Games/4.14/Engine/Plugins/Runtime/MIDIDevice/MIDIDevice.uplugin
LogPluginManager: Loaded Plugin MobilePatchingUtils, From C:/Program Files (x86)/Epic Games/4.14/Engine/Plugins/Runtime/MobilePatchingUtils/MobilePatchingUtils.uplugin
LogPluginManager: Loaded Plugin Ansel, From C:/Program Files (x86)/Epic Games/4.14/Engine/Plugins/Runtime/Nvidia/Ansel/Ansel.uplugin
LogPluginManager: Loaded Plugin OculusAudio, From C:/Program Files (x86)/Epic Games/4.14/Engine/Plugins/Runtime/OculusAudio/OculusAudio.uplugin
LogPluginManager: Loaded Plugin OculusInput, From C:/Program Files (x86)/Epic Games/4.14/Engine/Plugins/Runtime/OculusInput/OculusInput.uplugin
LogPluginManager: Loaded Plugin OculusLibrary, From C:/Program Files (x86)/Epic Games/4.14/Engine/Plugins/Runtime/OculusLibrary/OculusLibrary.uplugin
LogPluginManager: Loaded Plugin OculusRift, From C:/Program Files (x86)/Epic Games/4.14/Engine/Plugins/Runtime/OculusRift/OculusRift.uplugin
LogPluginManager: Loaded Plugin Oodle, From C:/Program Files (x86)/Epic Games/4.14/Engine/Plugins/Runtime/PacketHandlers/CompressionComponents/Oodle/Oodle.uplugin
LogPluginManager: Loaded Plugin ProceduralMeshComponent, From C:/Program Files (x86)/Epic Games/4.14/Engine/Plugins/Runtime/ProceduralMeshComponent/ProceduralMeshComponent.uplugin
LogPluginManager: Loaded Plugin SoundMod, From C:/Program Files (x86)/Epic Games/4.14/Engine/Plugins/Runtime/SoundMod/SoundMod.uplugin
LogPluginManager: Loaded Plugin SoundVisualizations, From C:/Program Files (x86)/Epic Games/4.14/Engine/Plugins/Runtime/SoundVisualizations/SoundVisualizations.uplugin
LogPluginManager: Loaded Plugin SteamController, From C:/Program Files (x86)/Epic Games/4.14/Engine/Plugins/Runtime/Steam/SteamController/SteamController.uplugin
LogPluginManager: Loaded Plugin SteamVR, From C:/Program Files (x86)/Epic Games/4.14/Engine/Plugins/Runtime/Steam/SteamVR/SteamVR.uplugin
LogPluginManager: Loaded Plugin WebBrowserWidget, From C:/Program Files (x86)/Epic Games/4.14/Engine/Plugins/Runtime/WebBrowserWidget/WebBrowserWidget.uplugin
LogPluginManager: Loaded Plugin WindowsDeviceProfileSelector, From C:/Program Files (x86)/Epic Games/4.14/Engine/Plugins/Runtime/WindowsDeviceProfileSelector/WindowsDeviceProfileSelector.uplugin
LogPluginManager: Loaded Plugin WindowsMoviePlayer, From C:/Program Files (x86)/Epic Games/4.14/Engine/Plugins/Runtime/WindowsMoviePlayer/WindowsMoviePlayer.uplugin
LogPluginManager: Loaded Plugin ScriptPlugin, From C:/Program Files (x86)/Epic Games/4.14/Engine/Plugins/ScriptPlugin/ScriptPlugin.uplugin
LogPluginManager: Loaded Plugin SlateRemote, From C:/Program Files (x86)/Epic Games/4.14/Engine/Plugins/Slate/SlateRemote/SlateRemote.uplugin
LogPluginManager: Loaded Plugin EditorTests, From C:/Program Files (x86)/Epic Games/4.14/Engine/Plugins/Tests/EditorTests/EditorTests.uplugin
LogPluginManager: Loaded Plugin FbxAutomationTestBuilder, From C:/Program Files (x86)/Epic Games/4.14/Engine/Plugins/Tests/FbxAutomationTestBuilder/FbxAutomationTestBuilder.uplugin
LogPluginManager: Loaded Plugin FunctionalTestingEditor, From C:/Program Files (x86)/Epic Games/4.14/Engine/Plugins/Tests/FunctionalTestingEditor/FunctionalTestingEditor.uplugin
LogPluginManager: Loaded Plugin RuntimeTests, From C:/Program Files (x86)/Epic Games/4.14/Engine/Plugins/Tests/RuntimeTests/RuntimeTests.uplugin
LogPluginManager: Loaded Plugin ScreenshotTools, From C:/Program Files (x86)/Epic Games/4.14/Engine/Plugins/Tests/ScreenshotTools/ScreenshotTools.uplugin
LogInit: Using libcurl 7.47.1
LogInit:  - built for x86_64-pc-win32
LogInit:  - supports SSL with OpenSSL/1.0.2g
LogInit:  - supports HTTP deflate (compression) using libz 1.2.8
LogInit:  - other features:
LogInit:      CURL_VERSION_SSL
LogInit:      CURL_VERSION_LIBZ
LogInit:      CURL_VERSION_IPV6
LogInit:      CURL_VERSION_ASYNCHDNS
LogInit:      CURL_VERSION_LARGEFILE
LogInit:      CURL_VERSION_IDN
LogInit:  CurlRequestOptions (configurable via config and command line):
LogInit:  - bVerifyPeer = false  - Libcurl will NOT verify peer certificate
LogInit:  - bUseHttpProxy = false  - Libcurl will NOT use HTTP proxy
LogInit:  - bDontReuseConnections = false  - Libcurl will reuse connections
LogInit:  - CertBundlePath = nullptr  - Libcurl will use whatever was configured at build time.
LogInit: Build: ++UE4+Release-4.14-CL-3249277
LogInit: Engine Version: 4.14.3-3249277+++UE4+Release-4.14
LogInit: Compatible Engine Version: 4.14.0-3195953+++UE4+Release-4.14
LogInit: Net CL: 3195953
LogDevObjectVersion: Number of dev versions registered: 13
LogDevObjectVersion:   Dev-Blueprints (B0D832E4-1F89-4F0D-ACCF-7EB736FD4AA2): 7
LogDevObjectVersion:   Dev-Build (E1C64328-A22C-4D53-A36C-8E866417BD8C): 0
LogDevObjectVersion:   Dev-Core (375EC13C-06E4-48FB-B500-84F0262A717E): 1
LogDevObjectVersion:   Dev-Editor (E4B068ED-F494-42E9-A231-DA0B2E46BB41): 8
LogDevObjectVersion:   Dev-Framework (CFFC743F-43B0-4480-9391-14DF171D2073): 17
LogDevObjectVersion:   Dev-Mobile (B02B49B5-BB20-44E9-A304-32B752E40360): 0
LogDevObjectVersion:   Dev-Networking (A4E4105C-59A1-49B5-A7C5-40C4547EDFEE): 0
LogDevObjectVersion:   Dev-Online (39C831C9-5AE6-47DC-9A44-9C173E1C8E7C): 0
LogDevObjectVersion:   Dev-Physics (78F01B33-EBEA-4F98-B9B4-84EACCB95AA2): 0
LogDevObjectVersion:   Dev-Platform (6631380F-2D4D-43E0-8009-CF276956A95A): 0
LogDevObjectVersion:   Dev-Rendering (12F88B9F-8875-4AFC-A67C-D90C383ABD29): 12
LogDevObjectVersion:   Dev-Sequencer (7B5AE74C-D270-4C10-A958-57980B212A5A): 1
LogDevObjectVersion:   Dev-VR (D7296918-1DD6-4BDD-9DE2-64A83CC13884): 0
LogInit: Compiled (64-bit): Jan  6 2017 10:49:43
LogInit: Compiled with Visual C++: 19.00.23026.00
LogInit: Build Configuration: Development
LogInit: Branch Name: ++UE4+Release-4.14
LogInit: Command line: -EpicPortal 
LogInit: Base directory: C:/Program Files (x86)/Epic Games/4.14/Engine/Binaries/Win64/
LogInit: Installed Engine Build: 1
LogInit: Presizing for max 8388607 objects, including 0 objects not considered by GC, pre-allocating 0 bytes for permanent pool.
LogInit: Object subsystem initialized
[2017.03.21-02.47.18:504][  0]LogInit: Selected Device Profile: [Windows]
[2017.03.21-02.47.18:504][  0]LogInit: Applying CVar settings loaded from the selected device profile: [Windows]
[2017.03.21-02.47.18:671][  0]LogInit: Computer: CASHSHERIDAN
[2017.03.21-02.47.18:671][  0]LogInit: User: Christian
[2017.03.21-02.47.18:671][  0]LogInit: CPU Page size=65536, Cores=2
[2017.03.21-02.47.18:671][  0]LogInit: High frequency timer resolution =1.266835 MHz
[2017.03.21-02.47.18:672][  0]LogMemory: Memory total: Physical=7.6GB (8GB approx)
[2017.03.21-02.47.18:672][  0]LogMemory: Platform Memory Stats for Windows
[2017.03.21-02.47.18:672][  0]LogMemory: Process Physical Memory: 262.43 MB used, 262.43 MB peak
[2017.03.21-02.47.18:672][  0]LogMemory: Process Virtual Memory: 262.29 MB used, 262.29 MB peak
[2017.03.21-02.47.18:672][  0]LogMemory: Physical Memory: 2896.11 MB used,  4882.16 MB free, 7778.26 MB total
[2017.03.21-02.47.18:672][  0]LogMemory: Virtual Memory: 674.28 MB used,  4882.16 MB free, 134217728.00 MB total
[2017.03.21-02.47.18:907][  0]LogTextLocalizationManager: No specific translations for ('en-US') exist, so ('en') translations will be used.
[2017.03.21-02.47.25:670][  0]LogD3D11RHI: D3D11 adapters:
[2017.03.21-02.47.25:746][  0]LogD3D11RHI:    0. 'AMD Radeon HD 6310 Graphics' (Feature Level 11_0)
[2017.03.21-02.47.25:746][  0]LogD3D11RHI:       369/0/3712 MB DedicatedVideo/DedicatedSystem/SharedSystem, Outputs:1, VendorId:0x1002
[2017.03.21-02.47.25:762][  0]LogD3D11RHI:    1. 'Microsoft Basic Render Driver' (Feature Level 11_0)
[2017.03.21-02.47.25:762][  0]LogD3D11RHI:       0/0/3889 MB DedicatedVideo/DedicatedSystem/SharedSystem, Outputs:0, VendorId:0x1414
[2017.03.21-02.47.25:762][  0]LogD3D11RHI: Chosen D3D11 Adapter: 0
[2017.03.21-02.47.25:784][  0]LogD3D11RHI: Creating new Direct3DDevice
[2017.03.21-02.47.25:785][  0]LogD3D11RHI:     GPU DeviceId: 0x9802 (for the marketing name, search the web for "GPU Device Id")
[2017.03.21-02.47.25:785][  0]LogWindows: EnumDisplayDevices:
[2017.03.21-02.47.25:786][  0]LogWindows:    0. 'AMD Radeon HD 6310 Graphics' (P:1 D:1)
[2017.03.21-02.47.25:795][  0]LogWindows:    1. 'AMD Radeon HD 6310 Graphics' (P:0 D:0)
[2017.03.21-02.47.25:801][  0]LogWindows: DebugString: FoundDriverCount:2 
[2017.03.21-02.47.25:801][  0]LogD3D11RHI:     Adapter Name: AMD Radeon HD 6310 Graphics
[2017.03.21-02.47.25:801][  0]LogD3D11RHI:   Driver Version: 15.201.1151.0 (internal:15.201.1151.0, unified:15.201.1151.0)
[2017.03.21-02.47.25:801][  0]LogD3D11RHI:      Driver Date: 8-21-2015
[2017.03.21-02.47.25:801][  0]LogRHI: Texture pool is 258 MB (70% of 369 MB)
[2017.03.21-02.47.25:865][  0]LogD3D11RHI: Async texture creation enabled
[2017.03.21-02.47.25:908][  0]LogD3D11RHI: GPU Timing Frequency: 50.000000 (Debug: 2 2)
[2017.03.21-02.47.25:915][  0]LogShaderCompilers: Guid format shader working directory is -24 characters bigger than the processId version (../../../../../../Users/Christian/Documents/Unreal Projects/TheShadowRealm/Intermediate/Shaders/WorkingDirectory/3768/).
[2017.03.21-02.47.25:917][  0]LogShaderCompilers: Cleaned the shader compiler working directory 'C:/Users/Christian/AppData/Local/Temp/UnrealShaderWorkingDir/90519AD94B20C4E784ACDA9AA6CD012E/'.
[2017.03.21-02.47.25:917][  0]LogShaderCompilers:Display: Using Local Shader Compiler.
[2017.03.21-02.47.39:356][  0]LogTemp:Display: Loaded TP AllDesktopTargetPlatform
[2017.03.21-02.47.40:790][  0]LogTemp:Display: Loaded TP MacClientTargetPlatform
[2017.03.21-02.47.42:269][  0]LogTemp:Display: Loaded TP MacNoEditorTargetPlatform
[2017.03.21-02.47.43:678][  0]LogTemp:Display: Loaded TP MacServerTargetPlatform
[2017.03.21-02.47.45:063][  0]LogTemp:Display: Loaded TP MacTargetPlatform
[2017.03.21-02.47.46:463][  0]LogTemp:Display: Loaded TP WindowsClientTargetPlatform
[2017.03.21-02.47.47:824][  0]LogTemp:Display: Loaded TP WindowsNoEditorTargetPlatform
[2017.03.21-02.47.49:217][  0]LogTemp:Display: Loaded TP WindowsServerTargetPlatform
[2017.03.21-02.47.50:560][  0]LogTemp:Display: Loaded TP WindowsTargetPlatform
[2017.03.21-02.47.52:000][  0]LogTemp:Display: Loaded TP AndroidTargetPlatform
[2017.03.21-02.47.53:393][  0]LogTemp:Display: Loaded TP Android_ASTCTargetPlatform
[2017.03.21-02.47.54:767][  0]LogTemp:Display: Loaded TP Android_ATCTargetPlatform
[2017.03.21-02.47.56:153][  0]LogTemp:Display: Loaded TP Android_DXTTargetPlatform
[2017.03.21-02.47.57:563][  0]LogTemp:Display: Loaded TP Android_ETC1TargetPlatform
[2017.03.21-02.47.58:958][  0]LogTemp:Display: Loaded TP Android_ETC2TargetPlatform
[2017.03.21-02.48.01:900][  0]LogTemp:Display: Loaded TP Android_MultiTargetPlatform
[2017.03.21-02.48.01:900][  0]LogTemp:Display: Loaded TP Android_PVRTCTargetPlatform
[2017.03.21-02.48.03:279][  0]LogTemp:Display: Loaded TP HTML5TargetPlatform
[2017.03.21-02.48.05:518][  0]LogTemp:Display: Loaded TP IOSTargetPlatform
[2017.03.21-02.48.06:423][  0]LogTemp:Display: Loaded TP TVOSTargetPlatform
[2017.03.21-02.48.07:867][  0]LogTemp:Display: Loaded TP LinuxClientTargetPlatform
[2017.03.21-02.48.09:313][  0]LogTemp:Display: Loaded TP LinuxNoEditorTargetPlatform
[2017.03.21-02.48.10:730][  0]LogTemp:Display: Loaded TP LinuxServerTargetPlatform
[2017.03.21-02.48.12:191][  0]LogTemp:Display: Loaded TP LinuxTargetPlatform
[2017.03.21-02.48.12:191][  0]LogTargetPlatformManager:Display: Building Assets For Windows
[2017.03.21-02.48.25:813][  0]LogDerivedDataCache:Display: Max Cache Size: 512 MB
[2017.03.21-02.48.26:209][  0]LogDerivedDataCache: Loaded boot cache 0.39s 50MB C:/Users/Christian/AppData/Local/UnrealEngine/4.14/DerivedDataCache/Boot.ddc.
[2017.03.21-02.48.26:209][  0]LogDerivedDataCache:Display: Loaded Boot cache: C:/Users/Christian/AppData/Local/UnrealEngine/4.14/DerivedDataCache/Boot.ddc
[2017.03.21-02.48.26:211][  0]LogDerivedDataCache: FDerivedDataBackendGraph:  Pak pak cache file ../../../../../../Users/Christian/Documents/Unreal Projects/TheShadowRealm/DerivedDataCache/DDC.ddp not found, will not use a pak cache.
[2017.03.21-02.48.26:211][  0]LogDerivedDataCache: Unable to find inner node Pak for hierarchical cache Hierarchy.
[2017.03.21-02.48.26:212][  0]LogDerivedDataCache: FDerivedDataBackendGraph:  CompressedPak pak cache file ../../../../../../Users/Christian/Documents/Unreal Projects/TheShadowRealm/DerivedDataCache/Compressed.ddp not found, will not use a pak cache.
[2017.03.21-02.48.26:212][  0]LogDerivedDataCache: Unable to find inner node CompressedPak for hierarchical cache Hierarchy.
[2017.03.21-02.48.26:330][  0]LogDerivedDataCache:Display: Pak cache opened for reading ../../../Engine/DerivedDataCache/Compressed.ddp.
[2017.03.21-02.48.26:357][  0]LogDerivedDataCache: Using Local data cache path C:/Users/Christian/AppData/Local/UnrealEngine/Common/DerivedDataCache: Writable
[2017.03.21-02.48.28:115][  0]LogInit: Selected Device Profile: [Windows]
[2017.03.21-02.48.28:150][  0]LogContentStreaming: Texture pool size is 0.00 MB
[2017.03.21-02.48.33:236][  0]LogMeshUtilities: Using QuadricMeshReduction for automatic static mesh reduction
[2017.03.21-02.48.36:302][  0]LogSimplygon: Simplygon DLL not present - disabling.
[2017.03.21-02.48.37:900][  0]LogMeshUtilities: Using SimplygonSwarm for distributed automatic mesh merging
[2017.03.21-02.48.37:901][  0]LogMeshUtilities: No automatic skeletal mesh reduction module available
[2017.03.21-02.48.37:901][  0]LogMeshUtilities: No automatic mesh merging module available
[2017.03.21-02.48.45:163][  0]LogNetVersion: GetLocalNetworkVersion: CL: 3195953, ProjectName: theshadowrealm, ProjectVersion: , EngineNetworkVersion: 2, GameNetworkVersion: 0, NetworkChecksum: 2850033435
[2017.03.21-02.48.46:521][  0]LogAssetRegistry: FAssetRegistry took 0.0582 seconds to start up
[2017.03.21-02.48.48:190][  0]LogPackageLocalizationCache: Processed 3 localized package path(s) for 2 prioritized culture(s) in 0.294053 seconds
[2017.03.21-02.48.48:232][  0]LogUObjectArray: 31946 objects as part of root set at end of initial load.
[2017.03.21-02.48.48:233][  0]LogUObjectAllocator: 6935848 out of 0 bytes used by permanent object pool.
[2017.03.21-02.48.48:233][  0]LogUObjectArray: CloseDisregardForGC: 0/0 objects in disregard for GC pool
[2017.03.21-02.48.50:808][  0]LogInit: WinSock: version 1.1 (2.2), MaxSocks=32767, MaxUdp=65467
[2017.03.21-02.49.17:000][  0]LogSlate: Using Freetype 2.6.0
[2017.03.21-02.49.17:009][  0]LogSlate: SlateFontCache - WITH_FREETYPE: 1, WITH_HARFBUZZ: 1
[2017.03.21-02.49.17:009][  0]LogSlate: SlateFontCache - WITH_FREETYPE: 1, WITH_HARFBUZZ: 1
[2017.03.21-02.49.28:924][  0]LogTcpMessaging: Initializing TcpMessaging bridge
[2017.03.21-02.49.29:842][  0]LogUdpMessaging: Initializing bridge on interface 0.0.0.0:0 to multicast group 230.0.0.1:6666.
[2017.03.21-02.49.37:453][  0]LogMaterial: Uniform references updated for custom material expression Custom.
[2017.03.21-02.49.48:817][  0]SourceControl: Info Source control is disabled
[2017.03.21-02.49.48:834][  0]SourceControl: Info Source control is disabled
[2017.03.21-02.49.51:563][  0]SourceControl: Info Source control is disabled
[2017.03.21-02.49.54:762][  0]SourceControl: Info Source control is disabled
[2017.03.21-02.52.02:093][  0]LogEngine: Initializing Engine...
[2017.03.21-02.52.02:106][  0]LogHMD: Failed to initialize OpenVR with code 110
[2017.03.21-02.52.27:965][  0]LogAIModule: Creating AISystem for world Untitled
[2017.03.21-02.52.29:781][  0]LogInit: XAudio2 using 'Speakers (High Definition Audio Device)' : 2 channels at 44.1 kHz using 16 bits per sample (channel mask 0x3)
[2017.03.21-02.52.33:927][  0]LogInit: FAudioDevice initialized.
[2017.03.21-02.52.34:243][  0]LogDerivedDataCache: Saved boot cache 0.32s 50MB C:/Users/Christian/AppData/Local/UnrealEngine/4.14/DerivedDataCache/Boot.ddc.
[2017.03.21-02.52.34:359][  0]LogInit: Texture streaming: Enabled
[2017.03.21-02.53.00:138][  0]LogInit: Transaction tracking system initialized
[2017.03.21-02.53.45:065][  0]BlueprintLog: New page: Editor Load
[2017.03.21-02.55.14:431][  0]LocalizationService: Info Localization service is disabled
[2017.03.21-02.56.31:956][  0]LogConsoleResponse:Display: 
[2017.03.21-02.56.36:910][  0]LogCook:Display: Max memory allowance for cook 16384mb min free memory 0mb
[2017.03.21-02.56.36:910][  0]LogCook:Display: Mobile HDR setting 1
[2017.03.21-02.56.38:243][  0]LogFileCache: Scanning file cache for directory 'C:/Users/Christian/Documents/Unreal Projects/TheShadowRealm/Content/' took 0.14s
[2017.03.21-02.57.31:816][  0]SourceControl: Info Source control is disabled
[2017.03.21-02.57.31:816][  0]Cmd: MAP LOAD FILE="../../../../../../Users/Christian/Documents/Unreal Projects/TheShadowRealm/Content/StarterContent/Maps/Minimal_Default.umap" TEMPLATE=0 SHOWPROGRESS=1 FEATURELEVEL=3
[2017.03.21-02.57.31:964][  0]LightingResults: New page: Lighting Build
[2017.03.21-02.57.34:133][  0]MapCheck: New page: Map Check
[2017.03.21-02.57.34:133][  0]LightingResults: New page: Lighting Build
[2017.03.21-02.57.43:619][  0]LogAIModule: Creating AISystem for world Minimal_Default
[2017.03.21-02.57.45:399][  0]LogEditorServer: Finished looking for orphan Actors (0.000 secs)
[2017.03.21-02.57.45:401][  0]Cmd: MAP CHECKDEP NOCLEARLOG
[2017.03.21-02.57.48:285][  0]MapCheck: Info Map check complete: 0 Error(s), 0 Warning(s), took 2,883.169ms to complete.
[2017.03.21-02.57.48:293][  0]LogFileHelpers: Loading map 'Minimal_Default' took 16.477
[2017.03.21-02.57.50:340][  0]LogCollectionManager: Loaded 0 collections in 0.007191 seconds
[2017.03.21-02.57.52:935][  0]LogFileCache: Scanning file cache for directory 'C:/Users/Christian/Documents/Unreal Projects/TheShadowRealm/Saved/Collections/' took 0.03s
[2017.03.21-02.57.52:935][  0]LogFileCache: Scanning file cache for directory 'C:/Users/Christian/Documents/Unreal Projects/TheShadowRealm/Content/Developers/Christian/Collections/' took 0.03s
[2017.03.21-02.57.52:935][  0]LogFileCache: Scanning file cache for directory 'C:/Users/Christian/Documents/Unreal Projects/TheShadowRealm/Content/Collections/' took 0.04s
[2017.03.21-02.57.52:935][  0]LogCollectionManager: Rebuilt the GUID cache for 0 collections in 0.000006 seconds
[2017.03.21-02.57.53:019][  0]LogContentBrowser: Native class hierarchy populated in 0.0826 seconds. Added 2190 classes and 428 folders.
[2017.03.21-02.57.56:140][  0]LogStats: UGameplayTagsManager::ConstructGameplayTagTree: Construct from data asset -  0.000 s
[2017.03.21-02.57.56:140][  0]LogStats: UGameplayTagsManager::ConstructGameplayTagTree: GameplayTagTreeChangedEvent.Broadcast -  0.000 s
[2017.03.21-02.57.56:158][  0]LogContentBrowser: Native class hierarchy updated for 'GameplayTags' in 0.0176 seconds. Added 13 classes and 0 folders.
[2017.03.21-02.58.01:414][  0]LogContentBrowser: Native class hierarchy updated for 'WidgetCarousel' in 0.0042 seconds. Added 0 classes and 0 folders.
[2017.03.21-02.58.07:357][  0]LogContentBrowser: Native class hierarchy updated for 'AddContentDialog' in 0.0063 seconds. Added 0 classes and 0 folders.
[2017.03.21-02.58.14:545][  0]LogContentBrowser: Native class hierarchy updated for 'SceneOutliner' in 0.0148 seconds. Added 1 classes and 2 folders.
[2017.03.21-02.58.17:844][  0]LogCrashTracker: Crashtracker disabled due to settings.
[2017.03.21-02.58.17:899][  0]LogUObjectGlobals:Warning: Failed to find object 'Class None.'
[2017.03.21-02.58.21:935][  0]LogContentBrowser: Native class hierarchy updated for 'HierarchicalLODOutliner' in 0.0048 seconds. Added 1 classes and 2 folders.
[2017.03.21-02.58.21:937][  0]LogLoad: (Engine Initialization) Total time: 684.53 seconds
[2017.03.21-02.58.21:937][  0]LogLoad: (Engine Initialization) Total Blueprint compile time: 2.74 seconds
[2017.03.21-02.58.21:937][  0]LogExternalProfiler: No external profilers were discovered.  External profiling features will not be available.
[2017.03.21-02.58.22:958][  0]LogOcInput: OculusInput pre-init called
[2017.03.21-02.58.23:478][  0]LogContentStreaming: Texture pool size now 400 MB
[2017.03.21-02.58.29:186][  2]LogRenderer: Reallocating scene render targets to support 820x628 NumSamples 1 (Frame:2).
[2017.03.21-02.58.34:360][  8]LogAssetRegistry: Asset discovery search completed in 587.8970 seconds
[2017.03.21-02.58.34:361][  8]LogCollectionManager: Rebuilt the object cache for 0 collections in 0.000004 seconds (found 0 objects)
[2017.03.21-02.58.34:361][  8]LogCollectionManager: Fixed up redirectors for 0 collections in 0.000095 seconds (updated 0 objects)
[2017.03.21-02.58.50:885][110]LogTemp: Repeting last play command: Selected Viewport
[2017.03.21-02.58.51:007][110]LogBlueprintUserMessages: Early PlayInEditor Detection: Level '/Game/StarterContent/Maps/Minimal_Default.Minimal_Default:PersistentLevel' has LevelScriptBlueprint '/Game/StarterContent/Maps/Minimal_Default.Minimal_Default:PersistentLevel.Minimal_Default' with GeneratedClass '/Game/StarterContent/Maps/Minimal_Default.Minimal_Default_C' with ClassGeneratedBy '/Game/StarterContent/Maps/Minimal_Default.Minimal_Default:PersistentLevel.Minimal_Default'
[2017.03.21-02.58.51:007][110]LogPlayLevel: PlayLevel: No blueprints needed recompiling
[2017.03.21-02.58.51:082][110]PIE: New page: PIE session: Minimal_Default (Mar 20, 2017, 2:58:51 PM)
[2017.03.21-02.58.51:082][110]LogPlayLevel: Creating play world package: /Game/StarterContent/Maps/UEDPIE_0_Minimal_Default
[2017.03.21-02.58.51:206][110]LogPlayLevel: PIE: StaticDuplicateObject took: (0.123595s)
[2017.03.21-02.58.51:209][110]LogAIModule: Creating AISystem for world Minimal_Default
[2017.03.21-02.58.51:210][110]LogPlayLevel: PIE: World Init took: (0.003840s)
[2017.03.21-02.58.51:211][110]LogPlayLevel: PIE: Created PIE world by copying editor world from /Game/StarterContent/Maps/Minimal_Default.Minimal_Default to /Game/StarterContent/Maps/UEDPIE_0_Minimal_Default.Minimal_Default (0.128449s)
[2017.03.21-02.58.51:385][110]LogInit: XAudio2 using 'Speakers (High Definition Audio Device)' : 2 channels at 44.1 kHz using 16 bits per sample (channel mask 0x3)
[2017.03.21-02.58.51:567][110]LogInit: FAudioDevice initialized.
[2017.03.21-02.58.51:933][110]LogLoad: Game class is 'GameModeBase'
[2017.03.21-02.58.52:013][110]LogWorld: Bringing World /Game/StarterContent/Maps/UEDPIE_0_Minimal_Default.Minimal_Default up for play (max tick rate 60) at 2017.03.20-20.58.52
[2017.03.21-02.58.52:032][110]LogWorld: Bringing up level for play took: 0.026985
[2017.03.21-02.58.54:914][110]LogContentBrowser: Native class hierarchy updated for 'MovieSceneCapture' in 0.0069 seconds. Added 11 classes and 0 folders.
[2017.03.21-02.58.55:232][110]PIE: Info Play in editor start time for /Game/StarterContent/Maps/UEDPIE_0_Minimal_Default 5.103
[2017.03.21-02.58.55:233][110]LogBlueprintUserMessages: Late PlayInEditor Detection: Level '/Game/StarterContent/Maps/Minimal_Default.Minimal_Default:PersistentLevel' has LevelScriptBlueprint '/Game/StarterContent/Maps/Minimal_Default.Minimal_Default:PersistentLevel.Minimal_Default' with GeneratedClass '/Game/StarterContent/Maps/Minimal_Default.Minimal_Default_C' with ClassGeneratedBy '/Game/StarterContent/Maps/Minimal_Default.Minimal_Default:PersistentLevel.Minimal_Default'
[2017.03.21-02.59.01:348][156]LogD3D11RHI: Timed out while waiting for GPU to catch up. (0.5 s)
[2017.03.21-02.59.25:709][413]MapCheck: New page: Map Check
[2017.03.21-02.59.26:030][413]Cmd: MAP REBUILD ALLVISIBLE
[2017.03.21-02.59.26:030][413]LogEditorServer: Rebuildmap Clear paths rebuilt
[2017.03.21-02.59.28:924][413]LightingResults: New page: Lighting Build - Mar 20, 2017, 2:59:28 PM
[2017.03.21-02.59.30:452][413]LogSwarmInterface: [OpenConnection] Registering TCP channel ...
[2017.03.21-02.59.32:376][413]LogSwarmInterface: [OpenConnection] Connecting to agent ...
[2017.03.21-02.59.32:726][413]LogSwarmInterface: [TryOpenConnection] Testing the Agent
[2017.03.21-02.59.36:905][413]LogSwarmInterface:Error: [TryOpenConnection] Waiting for the agent to start up ...
[2017.03.21-02.59.37:451][413]LogSwarmInterface:Error: System.Net.Sockets.SocketException (0x80004005): No connection could be made because the target machine actively refused it 127.0.0.1:8008

Server stack trace: 
   at System.Net.Sockets.Socket.DoConnect(EndPoint endPointSnapshot, SocketAddress socketAddress)
   at System.Net.Sockets.Socket.Connect(EndPoint remoteEP)
   at System.Runtime.Remoting.Channels.RemoteConnection.CreateNewSocket(EndPoint ipEndPoint)
   at System.Runtime.Remoting.Channels.SocketCache.GetSocket(String machinePortAndSid, Boolean openNew)
   at System.Runtime.Remoting.Channels.Tcp.TcpClientTransportSink.SendRequestWithRetry(IMessage msg, ITransportHeaders requestHeaders, Stream requestStream)
   at System.Runtime.Remoting.Channels.Tcp.TcpClientTransportSink.AsyncProcessRequest(IClientChannelSinkStack sinkStack, IMessage msg, ITransportHeaders headers, Stream stream)
   at System.Runtime.Remoting.Channels.BinaryClientFormatterSink.AsyncProcessMessage(IMessage msg, IMessageSink replySink)

Exception rethrown at [0]: 
   at System.Runtime.Remoting.Proxies.RealProxy.HandleReturnMessage(IMessage reqMsg, IMessage retMsg)
   at System.Runtime.Remoting.Proxies.RealProxy.PrivateInvoke(MessageData& msgData, Int32 type)
   at NSwarm.IAgentInterfaceWrapper.MethodDelegate.EndInvoke(Hashtable& OutParameters, IAsyncResult result)
   at NSwarm.FSwarmInterface.TryOpenConnection(FConnectionCallback CallbackFunc, IntPtr CallbackData, ELogFlags LoggingFlags)
[2017.03.21-02.59.44:778][413]LogSwarmInterface:Error: [TryOpenConnection] Waiting for the agent to start up ...
[2017.03.21-02.59.44:781][413]LogSwarmInterface:Error: System.Net.Sockets.SocketException (0x80004005): No connection could be made because the target machine actively refused it 127.0.0.1:8008

Server stack trace: 
   at System.Net.Sockets.Socket.DoConnect(EndPoint endPointSnapshot, SocketAddress socketAddress)
   at System.Net.Sockets.Socket.Connect(EndPoint remoteEP)
   at System.Runtime.Remoting.Channels.RemoteConnection.CreateNewSocket(EndPoint ipEndPoint)
   at System.Runtime.Remoting.Channels.SocketCache.GetSocket(String machinePortAndSid, Boolean openNew)
   at System.Runtime.Remoting.Channels.Tcp.TcpClientTransportSink.SendRequestWithRetry(IMessage msg, ITransportHeaders requestHeaders, Stream requestStream)
   at System.Runtime.Remoting.Channels.Tcp.TcpClientTransportSink.AsyncProcessRequest(IClientChannelSinkStack sinkStack, IMessage msg, ITransportHeaders headers, Stream stream)
   at System.Runtime.Remoting.Channels.BinaryClientFormatterSink.AsyncProcessMessage(IMessage msg, IMessageSink replySink)

Exception rethrown at [0]: 
   at System.Runtime.Remoting.Proxies.RealProxy.HandleReturnMessage(IMessage reqMsg, IMessage retMsg)
   at System.Runtime.Remoting.Proxies.RealProxy.PrivateInvoke(MessageData& msgData, Int32 type)
   at NSwarm.IAgentInterfaceWrapper.MethodDelegate.EndInvoke(Hashtable& OutParameters, IAsyncResult result)
   at NSwarm.FSwarmInterface.TryOpenConnection(FConnectionCallback CallbackFunc, IntPtr CallbackData, ELogFlags LoggingFlags)
[2017.03.21-02.59.53:716][413]LogSwarmInterface: [TryOpenConnection] Opening Connection to Agent
[2017.03.21-02.59.53:716][413]LogSwarmInterface: [TryOpenConnection] Local Process ID is 3768
[2017.03.21-03.00.06:751][413]LogStaticLightingSystem:Warning: No importance volume found, so the scene bounding box was used.  You can optimize your scene's quality and lighting build times by adding importance volumes.
[2017.03.21-03.00.06:751][413]LogStaticLightingSystem: Running Lightmass w/ ImmediateImport mode ENABLED
[2017.03.21-03.00.06:752][413]LogStaticLightingSystem: Running Lightmass w/ ImmediateProcess mode ENABLED
[2017.03.21-03.00.06:752][413]LogStaticLightingSystem: Running Lightmass w/ Sorting mode ENABLED
[2017.03.21-03.00.06:752][413]LogStaticLightingSystem: Running Lightmass w/ Mapping paddings ENABLED
[2017.03.21-03.00.06:752][413]LogStaticLightingSystem: Running Lightmass w/ Mapping debug paddings DISABLED
[2017.03.21-03.00.10:299][413]Cmd: MAP CHECK DONTDISPLAYDIALOG
[2017.03.21-03.00.10:299][413]MapCheck: New page: Minimal_Default - Mar 20, 2017, 3:00:10 PM
[2017.03.21-03.00.10:386][413]MapCheck:Error: Error WorldSettings_1 Maps need lighting rebuilt 
[2017.03.21-03.00.12:012][413]MapCheck: Info Map check complete: 1 Error(s), 0 Warning(s), took 1,712.589ms to complete.
[2017.03.21-03.00.12:042][413]LogEditorBuildUtils: Build time 0:46
[2017.03.21-03.00.12:653][414]LogMaterial: Missing cached shader map for material FLightmassMaterialRenderer M_Rock, compiling. 
[2017.03.21-03.00.12:877][414]LogMaterial: Missing cached shader map for material FLightmassMaterialRenderer M_Rock, compiling. 
[2017.03.21-03.00.13:144][415]LogMaterial: Missing cached shader map for material FLightmassMaterialRenderer M_Water_Lake, compiling. 
[2017.03.21-03.00.13:248][415]LogMaterial: Missing cached shader map for material FLightmassMaterialRenderer M_Water_Lake, compiling. 
[2017.03.21-03.16.44:147][248]Job is a success!
[2017.03.21-03.16.59:918][295]LogTexture:Display: Building textures: SkyOcclusion0_1 (AutoDXT)
[2017.03.21-03.16.59:918][295]LogTexture:Display: Building textures: HQ_Lightmap0_1 (AutoDXT)
[2017.03.21-03.16.59:918][295]LogTexture:Display: Building textures: LQ_Lightmap_0_1 (DXT1)
[2017.03.21-03.16.59:918][295]LogTexture:Display: Building textures: SkyOcclusion0_2 (AutoDXT)
[2017.03.21-03.16.59:918][295]LogTexture:Display: Building textures: HQ_Lightmap0_2 (AutoDXT)
[2017.03.21-03.16.59:918][295]LogTexture:Display: Building textures: LQ_Lightmap_0_2 (DXT1)
[2017.03.21-03.17.01:018][295]LogTexture:Display: Building textures: ShadowMapTexture2D_1 (G8)
[2017.03.21-03.17.01:018][295]LogTexture:Display: Building textures: ShadowMapTexture2D_0 (BGRA8)
[2017.03.21-03.17.02:028][295]Lightmass on CASHSHERIDAN: 15:30 min total, 2.70 sec importing, 1.35 sec setup, 23.9 sec photons, 15:00 min processing, 0 ms extra exporting [79/79 mappings]. Threads: 30:00 min total, 14:34 min processing.
[2017.03.21-03.17.02:270][295]LogStaticLightingSystem: Illumination: 17:27 min (9.18 sec encoding lightmaps, 1.10 sec encoding shadowmaps)
[2017.03.21-03.17.02:270][295]LogStaticLightingSystem: Lightmap texture memory:  2.7 MB (2.7 MB streaming, 0.0 MB non-streaming), 4 textures
[2017.03.21-03.17.02:271][295]LogStaticLightingSystem: Shadowmap texture memory: 2.7 MB (2.7 MB streaming, 0.0 MB non-streaming), 2 textures
[2017.03.21-03.17.03:190][295]DumpUnbuiltLightIteractions
[2017.03.21-03.17.03:190][295]Lights with unbuilt interactions: 0
[2017.03.21-03.17.03:190][295]
[2017.03.21-03.17.03:190][295]Primitives with unbuilt interactions: 0
[2017.03.21-03.17.03:333][296]Cmd: MAP CHECK NOTIFYRESULTS
[2017.03.21-03.17.03:334][296]MapCheck: New page: UEDPIE_0_Minimal_Default - Mar 20, 2017, 3:17:03 PM
[2017.03.21-03.17.06:464][296]MapCheck:Error: Error WorldSettings_1 Maps need lighting rebuilt 
[2017.03.21-03.17.06:990][296]MapCheck: Info Map check complete: 1 Error(s), 0 Warning(s), took 3,656.321ms to complete.
[2017.03.21-03.17.27:224][569]MapCheck: New page: Map Check
[2017.03.21-03.17.27:297][569]Cmd: MAP REBUILD ALLVISIBLE
[2017.03.21-03.17.27:297][569]LogEditorServer: Rebuildmap Clear paths rebuilt
[2017.03.21-03.17.27:499][569]LightingResults: New page: Lighting Build - Mar 20, 2017, 3:17:27 PM
[2017.03.21-03.17.27:556][569]LogSwarmInterface: [OpenConnection] Registering TCP channel ...
[2017.03.21-03.17.27:567][569]LogSwarmInterface: [OpenConnection] Connecting to agent ...
[2017.03.21-03.17.27:568][569]LogSwarmInterface: [TryOpenConnection] Testing the Agent
[2017.03.21-03.17.27:572][569]LogSwarmInterface: [TryOpenConnection] Opening Connection to Agent
[2017.03.21-03.17.27:572][569]LogSwarmInterface: [TryOpenConnection] Local Process ID is 3768
[2017.03.21-03.17.32:215][569]LogStaticLightingSystem:Warning: No importance volume found, so the scene bounding box was used.  You can optimize your scene's quality and lighting build times by adding importance volumes.
[2017.03.21-03.17.32:216][569]LogStaticLightingSystem: Running Lightmass w/ ImmediateImport mode ENABLED
[2017.03.21-03.17.32:216][569]LogStaticLightingSystem: Running Lightmass w/ ImmediateProcess mode ENABLED
[2017.03.21-03.17.32:216][569]LogStaticLightingSystem: Running Lightmass w/ Sorting mode ENABLED
[2017.03.21-03.17.32:216][569]LogStaticLightingSystem: Running Lightmass w/ Mapping paddings ENABLED
[2017.03.21-03.17.32:216][569]LogStaticLightingSystem: Running Lightmass w/ Mapping debug paddings DISABLED
[2017.03.21-03.17.33:271][569]Cmd: MAP CHECK DONTDISPLAYDIALOG
[2017.03.21-03.17.33:271][569]MapCheck: New page: Minimal_Default - Mar 20, 2017, 3:17:33 PM
[2017.03.21-03.17.33:663][569]MapCheck: Info Map check complete: 0 Error(s), 0 Warning(s), took 391.893ms to complete.
[2017.03.21-03.17.33:688][569]LogEditorBuildUtils: Build time 0:06
[2017.03.21-03.17.40:773][610]LogStaticLightingSystem:Warning: Failed to build lighting!!! Lighting build canceled.
[2017.03.21-03.17.41:234][610]DumpUnbuiltLightIteractions
[2017.03.21-03.17.41:234][610]Lights with unbuilt interactions: 0
[2017.03.21-03.17.41:234][610]
[2017.03.21-03.17.41:234][610]Primitives with unbuilt interactions: 0
[2017.03.21-03.17.42:123][610]LogD3D11RHI: Timed out while waiting for GPU to catch up. (500 ms)
[2017.03.21-03.17.42:740][610]LogD3D11RHI: Timed out while waiting for GPU to catch up. (500 ms)
[2017.03.21-03.17.43:350][610]LogD3D11RHI: Timed out while waiting for GPU to catch up. (500 ms)
[2017.03.21-03.17.44:044][611]Cmd: MAP CHECK NOTIFYRESULTS
[2017.03.21-03.17.44:044][611]MapCheck: New page: UEDPIE_0_Minimal_Default - Mar 20, 2017, 3:17:44 PM
[2017.03.21-03.17.44:051][611]MapCheck:Error: Error WorldSettings_1 Maps need lighting rebuilt 
[2017.03.21-03.17.44:548][611]MapCheck: Info Map check complete: 1 Error(s), 0 Warning(s), took 503.497ms to complete.
[2017.03.21-03.18.00:547][870]Cmd: MAP CHECK
[2017.03.21-03.18.00:548][870]MapCheck: New page: Minimal_Default - Mar 20, 2017, 3:18:00 PM
[2017.03.21-03.18.01:020][870]MapCheck: Info Map check complete: 0 Error(s), 0 Warning(s), took 472.348ms to complete.
[2017.03.21-03.19.44:147][276]LogSavePackage: Save=1565.53ms
[2017.03.21-03.19.44:148][276]LogSavePackage: Moving '../../../../../../Users/Christian/Documents/Unreal Projects/TheShadowRealm/Saved/Minimal_Default7690244A45925DC99CB316B8A1DFF301.tmp' to '../../../../../../Users/Christian/Documents/Unreal Projects/TheShadowRealm/Content/StarterContent/Maps/Minimal_Default.umap'
[2017.03.21-03.19.44:178][276]LogSavePackage:Display: Finished SavePackage ../../../../../../Users/Christian/Documents/Unreal Projects/TheShadowRealm/Content/StarterContent/Maps/Minimal_Default.umap
[2017.03.21-03.19.44:469][276]LogFileHelpers: Saving map 'Minimal_Default' took 2.557
[2017.03.21-03.19.46:301][276]LogSavePackage: Save=1816.88ms
[2017.03.21-03.19.46:301][276]LogSavePackage: Moving '../../../../../../Users/Christian/Documents/Unreal Projects/TheShadowRealm/Saved/Minimal_Default_BuiltDataBBA392664B3461E2200C8A9C16253EA4.tmp' to '../../../../../../Users/Christian/Documents/Unreal Projects/TheShadowRealm/Content/StarterContent/Maps/Minimal_Default_BuiltData.uasset'
[2017.03.21-03.19.46:315][276]LogSavePackage:Display: Finished SavePackage ../../../../../../Users/Christian/Documents/Unreal Projects/TheShadowRealm/Content/StarterContent/Maps/Minimal_Default_BuiltData.uasset
[2017.03.21-03.19.47:401][276]LogBlueprintUserMessages: Early EndPlayMap Detection: Level '/Game/StarterContent/Maps/Minimal_Default.Minimal_Default:PersistentLevel' has LevelScriptBlueprint '/Game/StarterContent/Maps/Minimal_Default.Minimal_Default:PersistentLevel.Minimal_Default' with GeneratedClass '/Game/StarterContent/Maps/Minimal_Default.Minimal_Default_C' with ClassGeneratedBy '/Game/StarterContent/Maps/Minimal_Default.Minimal_Default:PersistentLevel.Minimal_Default'
[2017.03.21-03.19.47:668][276]LogStats: FPlatformStackWalk::StackWalkAndDump -  0.196 s
[2017.03.21-03.19.47:668][276]LogOutputDevice:Error: === Handled ensure: ===
[2017.03.21-03.19.47:668][276]LogOutputDevice:Error: 
[2017.03.21-03.19.47:669][276]LogOutputDevice:Error: Ensure condition failed: NewObject->IsA(this->GeneratedClass) [File:D:\Build\++UE4+Release-4.14+Compile\Sync\Engine\Source\Runtime\Engine\Private\Blueprint.cpp] [Line: 717]
[2017.03.21-03.19.47:669][276]LogOutputDevice:Error: Type mismatch: Expected Minimal_Default_C, Found LevelScriptBlueprint
[2017.03.21-03.19.47:669][276]LogOutputDevice:Error: Stack: 
[2017.03.21-03.19.47:669][276]LogOutputDevice:Error: UE4Editor-Core.dll
[2017.03.21-03.19.47:669][276]LogOutputDevice:Error: UE4Editor-Core.dll
[2017.03.21-03.19.47:669][276]LogOutputDevice:Error: UE4Editor-Core.dll
[2017.03.21-03.19.47:669][276]LogOutputDevice:Error: UE4Editor-Engine.dll
[2017.03.21-03.19.47:669][276]LogOutputDevice:Error: UE4Editor-Engine.dll
[2017.03.21-03.19.47:669][276]LogOutputDevice:Error: UE4Editor-UnrealEd.dll
[2017.03.21-03.19.47:669][276]LogOutputDevice:Error: UE4Editor-UnrealEd.dll
[2017.03.21-03.19.47:669][276]LogOutputDevice:Error: UE4Editor-LevelEditor.dll
[2017.03.21-03.19.47:669][276]LogOutputDevice:Error: UE4Editor-LevelEditor.dll
[2017.03.21-03.19.47:669][276]LogOutputDevice:Error: UE4Editor-LevelEditor.dll
[2017.03.21-03.19.47:669][276]LogOutputDevice:Error: UE4Editor-LevelEditor.dll
[2017.03.21-03.19.47:669][276]LogOutputDevice:Error: UE4Editor-LevelEditor.dll
[2017.03.21-03.19.47:669][276]LogOutputDevice:Error: UE4Editor-LevelEditor.dll
[2017.03.21-03.19.47:669][276]LogOutputDevice:Error: UE4Editor-SlateCore.dll
[2017.03.21-03.19.47:669][276]LogOutputDevice:Error: UE4Editor-SlateCore.dll
[2017.03.21-03.19.47:669][276]LogOutputDevice:Error: UE4Editor-Slate.dll
[2017.03.21-03.19.47:669][276]LogOutputDevice:Error: UE4Editor-SlateCore.dll
[2017.03.21-03.19.47:669][276]LogOutputDevice:Error: UE4Editor-SlateCore.dll
[2017.03.21-03.19.47:669][276]LogOutputDevice:Error: UE4Editor-Slate.dll
[2017.03.21-03.19.47:669][276]LogOutputDevice:Error: UE4Editor-SlateCore.dll
[2017.03.21-03.19.47:669][276]LogOutputDevice:Error: UE4Editor-SlateCore.dll
[2017.03.21-03.19.47:669][276]LogOutputDevice:Error: UE4Editor-Slate.dll
[2017.03.21-03.19.47:669][276]LogOutputDevice:Error: UE4Editor-SlateCore.dll
[2017.03.21-03.19.47:669][276]LogOutputDevice:Error: UE4Editor-SlateCore.dll
[2017.03.21-03.19.47:669][276]LogOutputDevice:Error: UE4Editor-Slate.dll
[2017.03.21-03.19.47:669][276]LogOutputDevice:Error: UE4Editor-SlateCore.dll
[2017.03.21-03.19.47:669][276]LogOutputDevice:Error: UE4Editor-Slate.dll
[2017.03.21-03.19.47:670][276]LogOutputDevice:Error: UE4Editor-Slate.dll
[2017.03.21-03.19.47:670][276]LogOutputDevice:Error: UE4Editor-Slate.dll
[2017.03.21-03.19.47:670][276]LogOutputDevice:Error: UE4Editor-SlateCore.dll
[2017.03.21-03.19.47:670][276]LogOutputDevice:Error: UE4Editor-SlateCore.dll
[2017.03.21-03.19.47:670][276]LogOutputDevice:Error: UE4Editor-Slate.dll
[2017.03.21-03.19.47:670][276]LogOutputDevice:Error: UE4Editor-SlateCore.dll
[2017.03.21-03.19.47:670][276]LogOutputDevice:Error: UE4Editor-Slate.dll
[2017.03.21-03.19.47:670][276]LogOutputDevice:Error: UE4Editor-Slate.dll
[2017.03.21-03.19.47:670][276]LogOutputDevice:Error: UE4Editor-Slate.dll
[2017.03.21-03.19.47:670][276]LogOutputDevice:Error: UE4Editor-SlateCore.dll
[2017.03.21-03.19.47:670][276]LogOutputDevice:Error: UE4Editor-SlateCore.dll
[2017.03.21-03.19.47:670][276]LogOutputDevice:Error: UE4Editor-Slate.dll
[2017.03.21-03.19.47:670][276]LogOutputDevice:Error: UE4Editor-SlateCore.dll
[2017.03.21-03.19.47:670][276]LogOutputDevice:Error: UE4Editor-Slate.dll
[2017.03.21-03.19.47:670][276]LogOutputDevice:Error: UE4Editor-Slate.dll
[2017.03.21-03.19.47:670][276]LogOutputDevice:Error: UE4Editor-Slate.dll
[2017.03.21-03.19.47:670][276]LogOutputDevice:Error: UE4Editor-SlateCore.dll
[2017.03.21-03.19.47:670][276]LogOutputDevice:Error: UE4Editor-SlateCore.dll
[2017.03.21-03.19.47:670][276]LogOutputDevice:Error: UE4Editor-Slate.dll
[2017.03.21-03.19.47:670][276]LogOutputDevice:Error: UE4Editor-SlateCore.dll
[2017.03.21-03.19.47:670][276]LogOutputDevice:Error: UE4Editor-Slate.dll
[2017.03.21-03.19.47:670][276]LogOutputDevice:Error: UE4Editor-Slate.dll
[2017.03.21-03.19.47:670][276]LogOutputDevice:Error: UE4Editor-Slate.dll
[2017.03.21-03.19.47:670][276]LogOutputDevice:Error: UE4Editor-SlateCore.dll
[2017.03.21-03.19.47:670][276]LogOutputDevice:Error: UE4Editor-SlateCore.dll
[2017.03.21-03.19.47:670][276]LogOutputDevice:Error: UE4Editor-Slate.dll
[2017.03.21-03.19.47:670][276]LogOutputDevice:Error: UE4Editor-SlateCore.dll
[2017.03.21-03.19.47:670][276]LogOutputDevice:Error: UE4Editor-Slate.dll
[2017.03.21-03.19.47:670][276]LogOutputDevice:Error: UE4Editor-Slate.dll
[2017.03.21-03.19.47:670][276]LogOutputDevice:Error: UE4Editor-Slate.dll
[2017.03.21-03.19.47:670][276]LogOutputDevice:Error: UE4Editor-SlateCore.dll
[2017.03.21-03.19.47:670][276]LogOutputDevice:Error: UE4Editor-SlateCore.dll
[2017.03.21-03.19.47:670][276]LogOutputDevice:Error: UE4Editor-Slate.dll
[2017.03.21-03.19.47:670][276]LogOutputDevice:Error: UE4Editor-SlateCore.dll
[2017.03.21-03.19.47:670][276]LogOutputDevice:Error: UE4Editor-SlateCore.dll
[2017.03.21-03.19.47:670][276]LogOutputDevice:Error: UE4Editor-Slate.dll
[2017.03.21-03.19.47:671][276]LogOutputDevice:Error: UE4Editor-SlateCore.dll
[2017.03.21-03.19.47:671][276]LogOutputDevice:Error: UE4Editor-SlateCore.dll
[2017.03.21-03.19.47:671][276]LogOutputDevice:Error: UE4Editor-LevelEditor.dll
[2017.03.21-03.19.47:671][276]LogOutputDevice:Error: UE4Editor-SlateCore.dll
[2017.03.21-03.19.47:671][276]LogOutputDevice:Error: UE4Editor-SlateCore.dll
[2017.03.21-03.19.47:671][276]LogOutputDevice:Error: UE4Editor-LevelEditor.dll
[2017.03.21-03.19.47:671][276]LogOutputDevice:Error: UE4Editor-SlateCore.dll
[2017.03.21-03.19.47:671][276]LogOutputDevice:Error: UE4Editor-SlateCore.dll
[2017.03.21-03.19.47:671][276]LogOutputDevice:Error: UE4Editor-Slate.dll
[2017.03.21-03.19.47:671][276]LogOutputDevice:Error: UE4Editor-SlateCore.dll
[2017.03.21-03.19.47:671][276]LogOutputDevice:Error: UE4Editor-SlateCore.dll
[2017.03.21-03.19.47:671][276]LogOutputDevice:Error: UE4Editor-Slate.dll
[2017.03.21-03.19.47:671][276]LogOutputDevice:Error: UE4Editor-SlateCore.dll
[2017.03.21-03.19.47:671][276]LogOutputDevice:Error: UE4Editor-SlateCore.dll
[2017.03.21-03.19.47:671][276]LogOutputDevice:Error: UE4Editor-Slate.dll
[2017.03.21-03.19.47:671][276]LogOutputDevice:Error: UE4Editor-SlateCore.dll
[2017.03.21-03.19.47:671][276]LogOutputDevice:Error: UE4Editor-SlateCore.dll
[2017.03.21-03.19.47:671][276]LogOutputDevice:Error: UE4Editor-Slate.dll
[2017.03.21-03.19.47:671][276]LogOutputDevice:Error: UE4Editor-SlateCore.dll
[2017.03.21-03.19.47:671][276]LogOutputDevice:Error: UE4Editor-Slate.dll
[2017.03.21-03.19.47:671][276]LogOutputDevice:Error: UE4Editor-Slate.dll
[2017.03.21-03.19.47:671][276]LogOutputDevice:Error: UE4Editor-Slate.dll
[2017.03.21-03.19.47:671][276]LogOutputDevice:Error: UE4Editor-SlateCore.dll
[2017.03.21-03.19.47:671][276]LogOutputDevice:Error: UE4Editor-SlateCore.dll
[2017.03.21-03.19.47:671][276]LogOutputDevice:Error: UE4Editor-Slate.dll
[2017.03.21-03.19.47:671][276]LogOutputDevice:Error: UE4Editor-SlateCore.dll
[2017.03.21-03.19.47:671][276]LogOutputDevice:Error: UE4Editor-Slate.dll
[2017.03.21-03.19.47:671][276]LogOutputDevice:Error: UE4Editor-Slate.dll
[2017.03.21-03.19.47:671][276]LogOutputDevice:Error: UE4Editor-Slate.dll
[2017.03.21-03.19.47:671][276]LogOutputDevice:Error: UE4Editor-Core.dll
[2017.03.21-03.19.47:671][276]LogOutputDevice:Error: UE4Editor-Core.dll
[2017.03.21-03.19.47:671][276]LogOutputDevice:Error: UE4Editor-Core.dll
[2017.03.21-03.19.47:671][276]LogOutputDevice:Error: UE4Editor-Core.dll
[2017.03.21-03.19.47:672][276]LogOutputDevice:Error: USER32.dll
[2017.03.21-03.19.47:672][276]LogOutputDevice:Error: USER32.dll
[2017.03.21-03.19.47:672][276]LogOutputDevice:Error: 
[2017.03.21-03.19.47:681][276]LogStats:                SubmitErrorReport -  0.000 s
[2017.03.21-03.19.54:485][276]LogStats:                    SendNewReport -  6.804 s
[2017.03.21-03.19.54:485][276]LogStats:             FDebug::EnsureFailed -  7.013 s
[2017.03.21-03.19.54:720][276]LogBlueprintUserMessages: Late EndPlayMap Detection: Level '/Game/StarterContent/Maps/Minimal_Default.Minimal_Default:PersistentLevel' has LevelScriptBlueprint '/Game/StarterContent/Maps/Minimal_Default.Minimal_Default:PersistentLevel.Minimal_Default' with GeneratedClass '/Game/StarterContent/Maps/Minimal_Default.Minimal_Default_C' with ClassGeneratedBy '/Game/StarterContent/Maps/Minimal_Default.Minimal_Default:PersistentLevel.Minimal_Default'
[2017.03.21-03.19.55:239][277]Cmd: QUIT_EDITOR
[2017.03.21-03.19.56:438][277]LogWindowsTextInputMethodSystem:Display: IME system now deactivated.
[2017.03.21-03.19.56:602][277]LogExit: Preparing to exit.
[2017.03.21-03.19.57:356][277]LogDirectoryWatcher: A directory notification failed for 'C:/Users/Christian/Documents/Unreal Projects/TheShadowRealm/Content/', and we were unable to create a new request.
[2017.03.21-03.19.57:459][277]LogExit: Editor shut down
[2017.03.21-03.19.57:464][277]LogExit: Transaction tracking system shut down
[2017.03.21-03.19.57:871][277]LogObj: Freed 0b from 0 cluster array pools.
[2017.03.21-03.19.57:872][277]LogExit: Object subsystem successfully closed.
[2017.03.21-03.19.57:970][277]LogD3D11RHI: Shutdown
[2017.03.21-03.19.57:971][277]LogD3D11RHI: CleanupD3DDevice
[2017.03.21-03.19.58:263][277]LogD3D11RHI: ~FD3D11DynamicRHI
[2017.03.21-03.19.58:353][277]LogHttp:Display: Http module shutting down, but needs to wait on 1 outstanding Http requests:
[2017.03.21-03.19.58:353][277]LogHttp:Display: 	verb=[POST] url=[https://datarouter.ol.epicgames.com/datarouter/api/v1/public/data?SessionID=%7B6A513378-44B1-F469-84C3-F5AE66DFDCFD%7D&AppID=UEEditor.Rocket.Release&AppVersion=4.14.3-3249277%2B%2B%2BUE4%2BRelease-4.14&UserID=16da2cd44f2be9289645fcae61fbbaed%7C338dfd4c74514d8b918ac5270183860e%7Cddfd98a5-d839-4321-83d1-52d3e8a63764&AppEnvironment=datacollector-binary&UploadType=eteventstream] status=Processing
[2017.03.21-03.19.58:368][277]LogModuleManager: Shutting down and abandoning module HierarchicalLODUtilities (243)
[2017.03.21-03.19.58:368][277]LogModuleManager: Shutting down and abandoning module MovieSceneCapture (242)
[2017.03.21-03.19.58:368][277]LogModuleManager: Shutting down and abandoning module HierarchicalLODOutliner (241)
[2017.03.21-03.19.58:368][277]LogModuleManager: Shutting down and abandoning module CrashTracker (240)
[2017.03.21-03.19.58:368][277]LogModuleManager: Shutting down and abandoning module SceneOutliner (239)
[2017.03.21-03.19.58:368][277]LogModuleManager: Shutting down and abandoning module WidgetCarousel (238)
[2017.03.21-03.19.58:368][277]LogModuleManager: Shutting down and abandoning module AddContentDialog (237)
[2017.03.21-03.19.58:369][277]LogDirectoryWatcher: A directory notification for 'C:/Program Files (x86)/Epic Games/4.14/FeaturePacks/' was aborted.
[2017.03.21-03.19.58:374][277]LogModuleManager: Shutting down and abandoning module GameplayTags (236)
[2017.03.21-03.19.58:374][277]LogModuleManager: Shutting down and abandoning module EditorWidgets (235)
[2017.03.21-03.19.58:374][277]LogModuleManager: Shutting down and abandoning module CollectionManager (234)
[2017.03.21-03.19.58:374][277]LogDirectoryWatcher: A directory notification for 'C:/Users/Christian/Documents/Unreal Projects/TheShadowRealm/Content/Collections/' was aborted.
[2017.03.21-03.19.58:374][277]LogDirectoryWatcher: A directory notification for 'C:/Users/Christian/Documents/Unreal Projects/TheShadowRealm/Content/Developers/Christian/Collections/' was aborted.
[2017.03.21-03.19.58:377][277]LogDirectoryWatcher: A directory notification for 'C:/Users/Christian/Documents/Unreal Projects/TheShadowRealm/Saved/Collections/' was aborted.
[2017.03.21-03.19.58:378][277]LogModuleManager: Shutting down and abandoning module StatsViewer (233)
[2017.03.21-03.19.58:379][277]LogModuleManager: Shutting down and abandoning module FoliageEdit (232)
[2017.03.21-03.19.58:379][277]LogModuleManager: Shutting down and abandoning module LandscapeEditor (231)
[2017.03.21-03.19.58:379][277]LogModuleManager: Shutting down and abandoning module SceneDepthPickerMode (230)
[2017.03.21-03.19.58:379][277]LogModuleManager: Shutting down and abandoning module ActorPickerMode (229)
[2017.03.21-03.19.58:379][277]LogModuleManager: Shutting down and abandoning module GeometryMode (228)
[2017.03.21-03.19.58:379][277]LogModuleManager: Shutting down and abandoning module TextureAlignMode (227)
[2017.03.21-03.19.58:379][277]LogModuleManager: Shutting down and abandoning module BspMode (226)
[2017.03.21-03.19.58:379][277]LogModuleManager: Shutting down and abandoning module HardwareSurvey (225)
[2017.03.21-03.19.58:379][277]LogModuleManager: Shutting down and abandoning module SequenceRecorderSections (224)
[2017.03.21-03.19.58:379][277]LogModuleManager: Shutting down and abandoning module AutomationWorker (223)
[2017.03.21-03.19.58:379][277]LogModuleManager: Shutting down and abandoning module MatineeToLevelSequence (222)
[2017.03.21-03.19.58:379][277]LogModuleManager: Shutting down and abandoning module PlacementMode (221)
[2017.03.21-03.19.58:380][277]LogModuleManager: Shutting down and abandoning module LevelSequenceEditor (220)
[2017.03.21-03.19.58:380][277]LogModuleManager: Shutting down and abandoning module WmfMediaFactory (219)
[2017.03.21-03.19.58:380][277]LogModuleManager: Shutting down and abandoning module WmfMediaEditor (218)
[2017.03.21-03.19.58:380][277]LogModuleManager: Shutting down and abandoning module AvfMediaFactory (217)
[2017.03.21-03.19.58:380][277]LogModuleManager: Shutting down and abandoning module AvfMediaEditor (216)
[2017.03.21-03.19.58:380][277]LogModuleManager: Shutting down and abandoning module Media (215)
[2017.03.21-03.19.58:380][277]LogModuleManager: Shutting down and abandoning module AndroidMediaFactory (214)
[2017.03.21-03.19.58:380][277]LogModuleManager: Shutting down and abandoning module AndroidMediaEditor (213)
[2017.03.21-03.19.58:380][277]LogModuleManager: Shutting down and abandoning module CharacterAI (212)
[2017.03.21-03.19.58:380][277]LogModuleManager: Shutting down and abandoning module SequenceRecorder (211)
[2017.03.21-03.19.58:380][277]LogModuleManager: Shutting down and abandoning module AudioCapture (210)
[2017.03.21-03.19.58:380][277]LogModuleManager: Shutting down and abandoning module SmartSnapping (209)
[2017.03.21-03.19.58:380][277]LogModuleManager: Shutting down and abandoning module SessionServices (208)
[2017.03.21-03.19.58:381][277]LogModuleManager: Shutting down and abandoning module ViewportSnapping (207)
[2017.03.21-03.19.58:381][277]LogModuleManager: Shutting down and abandoning module ViewportInteraction (206)
[2017.03.21-03.19.58:381][277]LogModuleManager: Shutting down and abandoning module LogVisualizer (205)
[2017.03.21-03.19.58:381][277]LogModuleManager: Shutting down and abandoning module GameProjectGeneration (204)
[2017.03.21-03.19.58:381][277]LogModuleManager: Shutting down and abandoning module IntroTutorials (203)
[2017.03.21-03.19.58:381][277]LogModuleManager: Shutting down and abandoning module EditorLiveStreaming (202)
[2017.03.21-03.19.58:381][277]LogModuleManager: Shutting down and abandoning module IOSPlatformEditor (201)
[2017.03.21-03.19.58:381][277]LogModuleManager: Shutting down and abandoning module HTML5PlatformEditor (200)
[2017.03.21-03.19.58:381][277]LogModuleManager: Shutting down and abandoning module AndroidDeviceDetection (199)
[2017.03.21-03.19.59:152][277]LogModuleManager: Shutting down and abandoning module AndroidPlatformEditor (198)
[2017.03.21-03.19.59:152][277]LogModuleManager: Shutting down and abandoning module IOSRuntimeSettings (197)
[2017.03.21-03.19.59:152][277]LogModuleManager: Shutting down and abandoning module AndroidRuntimeSettings (196)
[2017.03.21-03.19.59:152][277]LogModuleManager: Shutting down and abandoning module InputBindingEditor (195)
[2017.03.21-03.19.59:152][277]LogModuleManager: Shutting down and abandoning module NiagaraEditor (194)
[2017.03.21-03.19.59:152][277]LogModuleManager: Shutting down and abandoning module MergeActors (193)
[2017.03.21-03.19.59:152][277]LogModuleManager: Shutting down and abandoning module SizeMap (192)
[2017.03.21-03.19.59:152][277]LogModuleManager: Shutting down and abandoning module TreeMap (191)
[2017.03.21-03.19.59:153][277]LogModuleManager: Shutting down and abandoning module ReferenceViewer (190)
[2017.03.21-03.19.59:153][277]LogModuleManager: Shutting down and abandoning module LocalizationService (189)
[2017.03.21-03.19.59:153][277]LogModuleManager: Shutting down and abandoning module LocalizationDashboard (188)
[2017.03.21-03.19.59:153][277]LogModuleManager: Shutting down and abandoning module HardwareTargeting (187)
[2017.03.21-03.19.59:153][277]LogModuleManager: Shutting down and abandoning module DeviceProfileEditor (186)
[2017.03.21-03.19.59:153][277]LogModuleManager: Shutting down and abandoning module UndoHistory (185)
[2017.03.21-03.19.59:153][277]LogModuleManager: Shutting down and abandoning module UserFeedback (184)
[2017.03.21-03.19.59:153][277]LogModuleManager: Shutting down and abandoning module XmlParser (183)
[2017.03.21-03.19.59:153][277]LogModuleManager: Shutting down and abandoning module Blutility (182)
[2017.03.21-03.19.59:153][277]LogModuleManager: Shutting down and abandoning module ProjectTargetPlatformEditor (181)
[2017.03.21-03.19.59:154][277]LogModuleManager: Shutting down and abandoning module ProjectSettingsViewer (180)
[2017.03.21-03.19.59:154][277]LogModuleManager: Shutting down and abandoning module EditorSettingsViewer (179)
[2017.03.21-03.19.59:154][277]LogModuleManager: Shutting down and abandoning module SettingsEditor (178)
[2017.03.21-03.19.59:154][277]LogModuleManager: Shutting down and abandoning module ProjectLauncher (177)
[2017.03.21-03.19.59:154][277]LogModuleManager: Shutting down and abandoning module SessionFrontend (176)
[2017.03.21-03.19.59:155][277]LogModuleManager: Shutting down and abandoning module ProfilerClient (175)
[2017.03.21-03.19.59:155][277]LogModuleManager: Shutting down and abandoning module TargetDeviceServices (174)
[2017.03.21-03.19.59:155][277]LogModuleManager: Shutting down and abandoning module DeviceManager (173)
[2017.03.21-03.19.59:200][277]LogModuleManager: Shutting down and abandoning module AutomationController (172)
[2017.03.21-03.19.59:200][277]LogModuleManager: Shutting down and abandoning module AutomationWindow (171)
[2017.03.21-03.19.59:200][277]LogModuleManager: Shutting down and abandoning module Layers (170)
[2017.03.21-03.19.59:200][277]LogModuleManager: Shutting down and abandoning module ComponentVisualizers (169)
[2017.03.21-03.19.59:200][277]LogModuleManager: Shutting down and abandoning module DetailCustomizations (168)
[2017.03.21-03.19.59:200][277]LogModuleManager: Shutting down and abandoning module PackagesDialog (167)
[2017.03.21-03.19.59:201][277]LogModuleManager: Shutting down and abandoning module AnimGraph (166)
[2017.03.21-03.19.59:201][277]LogModuleManager: Shutting down and abandoning module Persona (165)
[2017.03.21-03.19.59:201][277]LogModuleManager: Shutting down and abandoning module Kismet (164)
[2017.03.21-03.19.59:202][277]LogModuleManager: Shutting down and abandoning module GraphEditor (163)
[2017.03.21-03.19.59:203][277]LogModuleManager: Shutting down and abandoning module ClassViewer (162)
[2017.03.21-03.19.59:203][277]LogModuleManager: Shutting down and abandoning module Toolbox (161)
[2017.03.21-03.19.59:203][277]LogModuleManager: Shutting down and abandoning module ModuleUI (160)
[2017.03.21-03.19.59:203][277]LogModuleManager: Shutting down and abandoning module MovieSceneTools (159)
[2017.03.21-03.19.59:203][277]LogModuleManager: Shutting down and abandoning module OutputLog (158)
[2017.03.21-03.19.59:203][277]LogModuleManager: Shutting down and abandoning module GammaUI (157)
[2017.03.21-03.19.59:203][277]LogModuleManager: Shutting down and abandoning module Documentation (156)
[2017.03.21-03.19.59:203][277]LogModuleManager: Shutting down and abandoning module Niagara (155)
[2017.03.21-03.19.59:203][277]LogModuleManager: Shutting down and abandoning module StreamingPauseRendering (154)
[2017.03.21-03.19.59:203][277]LogModuleManager: Shutting down and abandoning module AnalyticsET (153)
[2017.03.21-03.19.59:203][277]LogModuleManager: Shutting down and abandoning module PortalServices (152)
[2017.03.21-03.19.59:203][277]LogModuleManager: Shutting down and abandoning module PortalRpc (151)
[2017.03.21-03.19.59:203][277]LogModuleManager: Shutting down and abandoning module MessagingRpc (150)
[2017.03.21-03.19.59:203][277]LogModuleManager: Shutting down and abandoning module GameplayDebugger (149)
[2017.03.21-03.19.59:204][277]LogModuleManager: Shutting down and abandoning module AITestSuite (148)
[2017.03.21-03.19.59:204][277]LogModuleManager: Shutting down and abandoning module AIModule (147)
[2017.03.21-03.19.59:204][277]LogModuleManager: Shutting down and abandoning module ProfilerService (146)
[2017.03.21-03.19.59:404][277]LogModuleManager: Shutting down and abandoning module TaskGraph (145)
[2017.03.21-03.19.59:404][277]LogModuleManager: Shutting down and abandoning module SlateRemote (144)
[2017.03.21-03.19.59:404][277]LogModuleManager: Shutting down and abandoning module SteamVRController (143)
[2017.03.21-03.19.59:404][277]LogModuleManager: Shutting down and abandoning module SteamVR (142)
[2017.03.21-03.19.59:404][277]LogModuleManager: Shutting down and abandoning module ProceduralMeshComponentEditor (141)
[2017.03.21-03.19.59:404][277]LogModuleManager: Shutting down and abandoning module ProceduralMeshComponent (140)
[2017.03.21-03.19.59:404][277]LogModuleManager: Shutting down and abandoning module OculusLibrary (139)
[2017.03.21-03.19.59:404][277]LogModuleManager: Shutting down and abandoning module OculusInput (138)
[2017.03.21-03.19.59:404][277]LogModuleManager: Shutting down and abandoning module MobilePatchingUtils (137)
[2017.03.21-03.19.59:405][277]LogModuleManager: Shutting down and abandoning module CustomMeshComponent (136)
[2017.03.21-03.19.59:405][277]LogModuleManager: Shutting down and abandoning module CableComponent (135)
[2017.03.21-03.19.59:405][277]LogModuleManager: Shutting down and abandoning module ArchVisCharacter (134)
[2017.03.21-03.19.59:405][277]LogModuleManager: Shutting down and abandoning module MediaPlayerEditor (132)
[2017.03.21-03.19.59:405][277]LogModuleManager: Shutting down and abandoning module HTML5Networking (131)
[2017.03.21-03.19.59:405][277]LogModuleManager: Shutting down and abandoning module GeometryCacheEd (130)
[2017.03.21-03.19.59:405][277]LogModuleManager: Shutting down and abandoning module GeometryCache (129)
[2017.03.21-03.19.59:405][277]LogModuleManager: Shutting down and abandoning module AlembicLibrary (128)
[2017.03.21-03.19.59:405][277]LogModuleManager: Shutting down and abandoning module AlembicImporter (127)
[2017.03.21-03.19.59:405][277]LogModuleManager: Shutting down and abandoning module SuperSearch (126)
[2017.03.21-03.19.59:405][277]LogModuleManager: Shutting down and abandoning module SuperSearchEditor (125)
[2017.03.21-03.19.59:405][277]LogModuleManager: Shutting down and abandoning module SpeedTreeImporter (124)
[2017.03.21-03.19.59:405][277]LogModuleManager: Shutting down and abandoning module PluginBrowser (123)
[2017.03.21-03.19.59:405][277]LogModuleManager: Shutting down and abandoning module MobileLauncherProfileWizard (122)
[2017.03.21-03.19.59:405][277]LogModuleManager: Shutting down and abandoning module EpicSurvey (121)
[2017.03.21-03.19.59:406][277]LogModuleManager: Shutting down and abandoning module DesktopPlatform (120)
[2017.03.21-03.19.59:406][277]LogModuleManager: Shutting down and abandoning module VisualStudioSourceCodeAccess (119)
[2017.03.21-03.19.59:406][277]LogModuleManager: Shutting down and abandoning module UObjectPlugin (118)
[2017.03.21-03.19.59:406][277]LogModuleManager: Shutting down and abandoning module SubversionSourceControl (117)
[2017.03.21-03.19.59:406][277]LogModuleManager: Shutting down and abandoning module PerforceSourceControl (116)
[2017.03.21-03.19.59:406][277]LogModuleManager: Shutting down and abandoning module SourceControl (115)
[2017.03.21-03.19.59:406][277]LogModuleManager: Shutting down and abandoning module GitSourceControl (114)
[2017.03.21-03.19.59:406][277]LogModuleManager: Shutting down and abandoning module LightPropagationVolumeEditor (113)
[2017.03.21-03.19.59:406][277]LogModuleManager: Shutting down and abandoning module PaperTiledImporter (112)
[2017.03.21-03.19.59:406][277]LogModuleManager: Shutting down and abandoning module PaperSpriteSheetImporter (111)
[2017.03.21-03.19.59:406][277]LogModuleManager: Shutting down and abandoning module MeshPaint (110)
[2017.03.21-03.19.59:406][277]LogModuleManager: Shutting down and abandoning module PixelInspectorModule (109)
[2017.03.21-03.19.59:406][277]LogModuleManager: Shutting down and abandoning module HotReload (108)
[2017.03.21-03.19.59:410][277]LogModuleManager: Shutting down and abandoning module MainFrame (107)
[2017.03.21-03.19.59:410][277]LogModuleManager: Shutting down and abandoning module LevelEditor (106)
[2017.03.21-03.19.59:414][277]LogModuleManager: Shutting down and abandoning module ContentBrowser (105)
[2017.03.21-03.19.59:417][277]LogModuleManager: Shutting down and abandoning module Paper2DEditor (104)
[2017.03.21-03.19.59:417][277]LogModuleManager: Shutting down and abandoning module UdpMessaging (103)
[2017.03.21-03.19.59:526][277]LogModuleManager: Shutting down and abandoning module TcpMessaging (102)
[2017.03.21-03.19.59:627][277]LogModuleManager: Shutting down and abandoning module LightPropagationVolumeRuntime (101)
[2017.03.21-03.19.59:627][277]LogModuleManager: Shutting down and abandoning module Paper2D (100)
[2017.03.21-03.19.59:627][277]LogModuleManager: Shutting down and abandoning module WindowsMoviePlayer (99)
[2017.03.21-03.19.59:627][277]LogModuleManager: Shutting down and abandoning module WmfMedia (98)
[2017.03.21-03.19.59:627][277]LogModuleManager: Shutting down and abandoning module MediaAssets (97)
[2017.03.21-03.19.59:629][277]LogModuleManager: Shutting down and abandoning module GameLiveStreaming (96)
[2017.03.21-03.19.59:629][277]LogModuleManager: Shutting down and abandoning module GameplayTagsEditor (95)
[2017.03.21-03.19.59:629][277]LogModuleManager: Shutting down and abandoning module VREditor (94)
[2017.03.21-03.19.59:629][277]LogModuleManager: Shutting down and abandoning module GameplayTasksEditor (93)
[2017.03.21-03.19.59:629][277]LogModuleManager: Shutting down and abandoning module BehaviorTreeEditor (92)
[2017.03.21-03.19.59:629][277]LogModuleManager: Shutting down and abandoning module FunctionalTesting (91)
[2017.03.21-03.19.59:629][277]LogModuleManager: Shutting down and abandoning module CollisionAnalyzer (90)
[2017.03.21-03.19.59:630][277]LogModuleManager: Shutting down and abandoning module Sequencer (89)
[2017.03.21-03.19.59:630][277]LogModuleManager: Shutting down and abandoning module WorkspaceMenuStructure (88)
[2017.03.21-03.19.59:630][277]LogModuleManager: Shutting down and abandoning module MessageLog (87)
[2017.03.21-03.19.59:630][277]LogModuleManager: Shutting down and abandoning module AssetTools (86)
[2017.03.21-03.19.59:630][277]LogModuleManager: Shutting down and abandoning module UMGEditor (85)
[2017.03.21-03.19.59:630][277]LogModuleManager: Shutting down and abandoning module UMG (84)
[2017.03.21-03.19.59:630][277]LogModuleManager: Shutting down and abandoning module SlateReflector (83)
[2017.03.21-03.19.59:630][277]LogModuleManager: Shutting down and abandoning module Slate (82)
[2017.03.21-03.19.59:631][277]LogModuleManager: Shutting down and abandoning module EditorStyle (81)
[2017.03.21-03.19.59:643][277]LogModuleManager: Shutting down and abandoning module SourceCodeAccess (80)
[2017.03.21-03.19.59:643][277]LogModuleManager: Shutting down and abandoning module HeadMountedDisplay (79)
[2017.03.21-03.19.59:643][277]LogModuleManager: Shutting down and abandoning module XAudio2 (78)
[2017.03.21-03.19.59:643][277]LogModuleManager: Shutting down and abandoning module Networking (76)
[2017.03.21-03.19.59:643][277]LogModuleManager: Shutting down and abandoning module Core (75)
[2017.03.21-03.19.59:643][277]LogModuleManager: Shutting down and abandoning module DirectoryWatcher (74)
[2017.03.21-03.19.59:643][277]LogDirectoryWatcher: A directory notification for '../../../Engine/Content/' was aborted.
[2017.03.21-03.19.59:645][277]LogDirectoryWatcher: A directory notification for '../../../../../../Users/Christian/Documents/Unreal Projects/TheShadowRealm/Content/' was aborted.
[2017.03.21-03.19.59:646][277]LogDirectoryWatcher: A directory notification for '../../../Engine/Plugins/2D/Paper2D/Content/' was aborted.
[2017.03.21-03.19.59:648][277]LogModuleManager: Shutting down and abandoning module AssetRegistry (73)
[2017.03.21-03.19.59:988][277]LogModuleManager: Shutting down and abandoning module KismetCompiler (72)
[2017.03.21-03.19.59:988][277]LogModuleManager: Shutting down and abandoning module PhysXFormats (71)
[2017.03.21-03.19.59:988][277]LogModuleManager: Shutting down and abandoning module SimplygonSwarm (70)
[2017.03.21-03.19.59:988][277]LogModuleManager: Shutting down and abandoning module SimplygonMeshReduction (69)
[2017.03.21-03.19.59:988][277]LogModuleManager: Shutting down and abandoning module QuadricMeshReduction (68)
[2017.03.21-03.19.59:989][277]LogModuleManager: Shutting down and abandoning module PropertyEditor (67)
[2017.03.21-03.19.59:989][277]LogModuleManager: Shutting down and abandoning module MeshUtilities (66)
[2017.03.21-03.19.59:989][277]LogModuleManager: Shutting down and abandoning module DerivedDataCache (65)
[2017.03.21-03.20.00:056][277]LogDerivedDataCache: Shutdown
[2017.03.21-03.20.00:056][277]LogModuleManager: Shutting down and abandoning module VulkanShaderFormat (64)
[2017.03.21-03.20.00:056][277]LogModuleManager: Shutting down and abandoning module ShaderFormatOpenGL (63)
[2017.03.21-03.20.00:056][277]LogModuleManager: Shutting down and abandoning module ShaderFormatD3D (62)
[2017.03.21-03.20.00:056][277]LogModuleManager: Shutting down and abandoning module MetalShaderFormat (61)
[2017.03.21-03.20.00:056][277]LogModuleManager: Shutting down and abandoning module TextureFormatUncompressed (60)
[2017.03.21-03.20.00:056][277]LogModuleManager: Shutting down and abandoning module TextureFormatPVR (59)
[2017.03.21-03.20.00:056][277]LogModuleManager: Shutting down and abandoning module TextureFormatDXT (58)
[2017.03.21-03.20.00:057][277]LogModuleManager: Shutting down and abandoning module TextureFormatIntelISPCTexComp (57)
[2017.03.21-03.20.00:058][277]LogModuleManager: Shutting down and abandoning module ImageWrapper (56)
[2017.03.21-03.20.00:058][277]LogModuleManager: Shutting down and abandoning module TextureFormatASTC (55)
[2017.03.21-03.20.00:058][277]LogModuleManager: Shutting down and abandoning module TextureFormatAndroid (54)
[2017.03.21-03.20.00:058][277]LogModuleManager: Shutting down and abandoning module AudioFormatOpus (53)
[2017.03.21-03.20.00:058][277]LogModuleManager: Shutting down and abandoning module AudioFormatOgg (52)
[2017.03.21-03.20.00:058][277]LogModuleManager: Shutting down and abandoning module AudioFormatADPCM (51)
[2017.03.21-03.20.00:058][277]LogModuleManager: Shutting down and abandoning module LinuxTargetPlatform (50)
[2017.03.21-03.20.00:058][277]LogModuleManager: Shutting down and abandoning module LinuxServerTargetPlatform (49)
[2017.03.21-03.20.00:059][277]LogModuleManager: Shutting down and abandoning module LinuxNoEditorTargetPlatform (48)
[2017.03.21-03.20.00:059][277]LogModuleManager: Shutting down and abandoning module LinuxClientTargetPlatform (47)
[2017.03.21-03.20.00:059][277]LogModuleManager: Shutting down and abandoning module TVOSTargetPlatform (46)
[2017.03.21-03.20.00:059][277]LogModuleManager: Shutting down and abandoning module Messaging (45)
[2017.03.21-03.20.00:059][277]LogModuleManager: Shutting down and abandoning module IOSTargetPlatform (44)
[2017.03.21-03.20.00:059][277]LogModuleManager: Shutting down and abandoning module HTML5TargetPlatform (43)
[2017.03.21-03.20.00:059][277]LogModuleManager: Shutting down and abandoning module Android_PVRTCTargetPlatform (42)
[2017.03.21-03.20.00:059][277]LogModuleManager: Shutting down and abandoning module Android_MultiTargetPlatform (41)
[2017.03.21-03.20.00:059][277]LogModuleManager: Shutting down and abandoning module Android_ETC2TargetPlatform (40)
[2017.03.21-03.20.00:059][277]LogModuleManager: Shutting down and abandoning module Android_ETC1TargetPlatform (39)
[2017.03.21-03.20.00:059][277]LogModuleManager: Shutting down and abandoning module Android_DXTTargetPlatform (38)
[2017.03.21-03.20.00:059][277]LogModuleManager: Shutting down and abandoning module Android_ATCTargetPlatform (37)
[2017.03.21-03.20.00:059][277]LogModuleManager: Shutting down and abandoning module Android_ASTCTargetPlatform (36)
[2017.03.21-03.20.00:059][277]LogModuleManager: Shutting down and abandoning module AndroidTargetPlatform (35)
[2017.03.21-03.20.00:059][277]LogModuleManager: Shutting down and abandoning module WindowsTargetPlatform (34)
[2017.03.21-03.20.00:059][277]LogModuleManager: Shutting down and abandoning module WindowsServerTargetPlatform (33)
[2017.03.21-03.20.00:059][277]LogModuleManager: Shutting down and abandoning module WindowsNoEditorTargetPlatform (32)
[2017.03.21-03.20.00:060][277]LogModuleManager: Shutting down and abandoning module WindowsClientTargetPlatform (31)
[2017.03.21-03.20.00:060][277]LogModuleManager: Shutting down and abandoning module MacTargetPlatform (30)
[2017.03.21-03.20.00:060][277]LogModuleManager: Shutting down and abandoning module MacServerTargetPlatform (29)
[2017.03.21-03.20.00:060][277]LogModuleManager: Shutting down and abandoning module MacNoEditorTargetPlatform (28)
[2017.03.21-03.20.00:060][277]LogModuleManager: Shutting down and abandoning module MacClientTargetPlatform (27)
[2017.03.21-03.20.00:060][277]LogModuleManager: Shutting down and abandoning module AllDesktopTargetPlatform (26)
[2017.03.21-03.20.00:060][277]LogModuleManager: Shutting down and abandoning module TargetPlatform (25)
[2017.03.21-03.20.00:060][277]LogModuleManager: Shutting down and abandoning module InputCore (24)
[2017.03.21-03.20.00:060][277]LogModuleManager: Shutting down and abandoning module Settings (23)
[2017.03.21-03.20.00:060][277]LogModuleManager: Shutting down and abandoning module OculusRift (22)
[2017.03.21-03.20.00:060][277]LogModuleManager: Shutting down and abandoning module ExampleDeviceProfileSelector (21)
[2017.03.21-03.20.00:060][277]LogModuleManager: Shutting down and abandoning module OnlineBlueprintSupport (20)
[2017.03.21-03.20.00:060][277]LogModuleManager: Shutting down and abandoning module OnlineSubsystem (18)
[2017.03.21-03.20.00:060][277]LogOnline:Display: Unloading online subsystem: NULL
[2017.03.21-03.20.00:060][277]LogModuleManager: Shutting down and abandoning module SSL (17)
[2017.03.21-03.20.00:068][277]LogModuleManager: Shutting down and abandoning module HTTP (16)
[2017.03.21-03.20.00:069][277]LogModuleManager: Shutting down and abandoning module XMPP (15)
[2017.03.21-03.20.00:069][277]LogModuleManager: Shutting down and abandoning module TextureCompressor (14)
[2017.03.21-03.20.00:069][277]LogModuleManager: Shutting down and abandoning module ShaderCore (13)
[2017.03.21-03.20.00:069][277]LogModuleManager: Shutting down and abandoning module Landscape (12)
[2017.03.21-03.20.00:069][277]LogModuleManager: Shutting down and abandoning module SlateRHIRenderer (11)
[2017.03.21-03.20.00:075][277]LogModuleManager: Shutting down and abandoning module OpenGLDrv (10)
[2017.03.21-03.20.00:075][277]LogModuleManager: Shutting down and abandoning module D3D11RHI (9)
[2017.03.21-03.20.00:075][277]LogModuleManager: Shutting down and abandoning module AnimGraphRuntime (8)
[2017.03.21-03.20.00:075][277]LogModuleManager: Shutting down and abandoning module Renderer (7)
[2017.03.21-03.20.00:075][277]LogModuleManager: Shutting down and abandoning module Engine (6)
[2017.03.21-03.20.00:075][277]LogModuleManager: Shutting down and abandoning module CoreUObject (5)
[2017.03.21-03.20.00:075][277]LogModuleManager: Shutting down and abandoning module NetworkFile (4)
[2017.03.21-03.20.00:075][277]LogModuleManager: Shutting down and abandoning module StreamingFile (3)
[2017.03.21-03.20.00:076][277]LogModuleManager: Shutting down and abandoning module SandboxFile (2)
[2017.03.21-03.20.00:076][277]LogModuleManager: Shutting down and abandoning module PakFile (1)
[2017.03.21-03.20.00:082][277]LogExit: Exiting.
[2017.03.21-03.20.00:091][277]Log file closed, 03/20/17 21:20:00
