Log file open, 03/20/17 17:16:47
LogInit:Display: Running engine for game: TheShadowRealm
LogPlatformFile: Not using cached read wrapper
LogInit:Display: RandInit(-608852480) SRandInit(-608852480).
LogTaskGraph: Started task graph with 5 named threads and 6 total threads with 1 sets of task threads.
LogStats: Stats thread started at 0.541787
LogPluginManager: Loaded Plugin Paper2D, From C:/Program Files (x86)/Epic Games/4.14/Engine/Plugins/2D/Paper2D/Paper2D.uplugin
LogPluginManager: Loaded Plugin LightPropagationVolume, From C:/Program Files (x86)/Epic Games/4.14/Engine/Plugins/Blendables/LightPropagationVolume/LightPropagationVolume.uplugin
LogPluginManager: Loaded Plugin BlankPlugin, From C:/Program Files (x86)/Epic Games/4.14/Engine/Plugins/Developer/BlankPlugin/BlankPlugin.uplugin
LogPluginManager: Loaded Plugin CodeLiteSourceCodeAccess, From C:/Program Files (x86)/Epic Games/4.14/Engine/Plugins/Developer/CodeLiteSourceCodeAccess/CodeLiteSourceCodeAccess.uplugin
LogPluginManager: Loaded Plugin GitSourceControl, From C:/Program Files (x86)/Epic Games/4.14/Engine/Plugins/Developer/GitSourceControl/GitSourceControl.uplugin
LogPluginManager: Loaded Plugin KDevelopSourceCodeAccess, From C:/Program Files (x86)/Epic Games/4.14/Engine/Plugins/Developer/KDevelopSourceCodeAccess/KDevelopSourceCodeAccess.uplugin
LogPluginManager: Loaded Plugin NullSourceCodeAccess, From C:/Program Files (x86)/Epic Games/4.14/Engine/Plugins/Developer/NullSourceCodeAccess/NullSourceCodeAccess.uplugin
LogPluginManager: Loaded Plugin OneSkyLocalizationService, From C:/Program Files (x86)/Epic Games/4.14/Engine/Plugins/Developer/OneSkyLocalizationService/OneSkyLocalizationService.uplugin
LogPluginManager: Loaded Plugin PerforceSourceControl, From C:/Program Files (x86)/Epic Games/4.14/Engine/Plugins/Developer/PerforceSourceControl/PerforceSourceControl.uplugin
LogPluginManager: Loaded Plugin SubversionSourceControl, From C:/Program Files (x86)/Epic Games/4.14/Engine/Plugins/Developer/SubversionSourceControl/SubversionSourceControl.uplugin
LogPluginManager: Loaded Plugin UObjectPlugin, From C:/Program Files (x86)/Epic Games/4.14/Engine/Plugins/Developer/UObjectPlugin/UObjectPlugin.uplugin
LogPluginManager: Loaded Plugin VisualStudioSourceCodeAccess, From C:/Program Files (x86)/Epic Games/4.14/Engine/Plugins/Developer/VisualStudioSourceCodeAccess/VisualStudioSourceCodeAccess.uplugin
LogPluginManager: Loaded Plugin XCodeSourceCodeAccess, From C:/Program Files (x86)/Epic Games/4.14/Engine/Plugins/Developer/XCodeSourceCodeAccess/XCodeSourceCodeAccess.uplugin
LogPluginManager: Loaded Plugin AudioCapture, From C:/Program Files (x86)/Epic Games/4.14/Engine/Plugins/Editor/AudioCapture/AudioCapture.uplugin
LogPluginManager: Loaded Plugin EpicSurvey, From C:/Program Files (x86)/Epic Games/4.14/Engine/Plugins/Editor/EpicSurvey/EpicSurvey.uplugin
LogPluginManager: Loaded Plugin MacGraphicsSwitching, From C:/Program Files (x86)/Epic Games/4.14/Engine/Plugins/Editor/MacGraphicsSwitching/MacGraphicsSwitching.uplugin
LogPluginManager: Loaded Plugin MobileLauncherProfileWizard, From C:/Program Files (x86)/Epic Games/4.14/Engine/Plugins/Editor/MobileLauncherProfileWizard/MobileLauncherProfileWizard.uplugin
LogPluginManager: Loaded Plugin PluginBrowser, From C:/Program Files (x86)/Epic Games/4.14/Engine/Plugins/Editor/PluginBrowser/PluginBrowser.uplugin
LogPluginManager: Loaded Plugin SpeedTreeImporter, From C:/Program Files (x86)/Epic Games/4.14/Engine/Plugins/Editor/SpeedTreeImporter/SpeedTreeImporter.uplugin
LogPluginManager: Loaded Plugin SuperSearchEditor, From C:/Program Files (x86)/Epic Games/4.14/Engine/Plugins/Editor/SuperSearchEditor/SuperSearchEditor.uplugin
LogPluginManager: Loaded Plugin AlembicImporter, From C:/Program Files (x86)/Epic Games/4.14/Engine/Plugins/Experimental/AlembicImporter/AlembicImporter.uplugin
LogPluginManager: Loaded Plugin BlueprintStats, From C:/Program Files (x86)/Epic Games/4.14/Engine/Plugins/Experimental/BlueprintStats/BlueprintStats.uplugin
LogPluginManager: Loaded Plugin CharacterAI, From C:/Program Files (x86)/Epic Games/4.14/Engine/Plugins/Experimental/CharacterAI/CharacterAI.uplugin
LogPluginManager: Loaded Plugin CodeEditor, From C:/Program Files (x86)/Epic Games/4.14/Engine/Plugins/Experimental/CodeEditor/CodeEditor.uplugin
LogPluginManager: Loaded Plugin CodeView, From C:/Program Files (x86)/Epic Games/4.14/Engine/Plugins/Experimental/CodeView/CodeView.uplugin
LogPluginManager: Loaded Plugin HTML5Networking, From C:/Program Files (x86)/Epic Games/4.14/Engine/Plugins/Experimental/HTML5Networking/HTML5Networking.uplugin
LogPluginManager: Loaded Plugin OSVR, From C:/Program Files (x86)/Epic Games/4.14/Engine/Plugins/Experimental/OSVR/OSVR.uplugin
LogPluginManager: Loaded Plugin Phya, From C:/Program Files (x86)/Epic Games/4.14/Engine/Plugins/Experimental/Phya/Phya.uplugin
LogPluginManager: Loaded Plugin SignificanceManager, From C:/Program Files (x86)/Epic Games/4.14/Engine/Plugins/Experimental/SignificanceManager/SignificanceManager.uplugin
LogPluginManager: Loaded Plugin SimpleHMD, From C:/Program Files (x86)/Epic Games/4.14/Engine/Plugins/Experimental/SimpleHMD/SimpleHMD.uplugin
LogPluginManager: Loaded Plugin StereoPanorama, From C:/Program Files (x86)/Epic Games/4.14/Engine/Plugins/Experimental/StereoPanorama/StereoPanorama.uplugin
LogPluginManager: Loaded Plugin StructBox, From C:/Program Files (x86)/Epic Games/4.14/Engine/Plugins/Experimental/StructBox/StructBox.uplugin
LogPluginManager: Loaded Plugin AndroidMedia, From C:/Program Files (x86)/Epic Games/4.14/Engine/Plugins/Media/AndroidMedia/AndroidMedia.uplugin
LogPluginManager: Loaded Plugin AvfMedia, From C:/Program Files (x86)/Epic Games/4.14/Engine/Plugins/Media/AvfMedia/AvfMedia.uplugin
LogPluginManager: Loaded Plugin MediaPlayerEditor, From C:/Program Files (x86)/Epic Games/4.14/Engine/Plugins/Media/MediaPlayerEditor/MediaPlayerEditor.uplugin
LogPluginManager: Loaded Plugin WmfMedia, From C:/Program Files (x86)/Epic Games/4.14/Engine/Plugins/Media/WmfMedia/WmfMedia.uplugin
LogPluginManager: Loaded Plugin MessagingDebugger, From C:/Program Files (x86)/Epic Games/4.14/Engine/Plugins/Messaging/MessagingDebugger/MessagingDebugger.uplugin
LogPluginManager: Loaded Plugin TcpMessaging, From C:/Program Files (x86)/Epic Games/4.14/Engine/Plugins/Messaging/TcpMessaging/TcpMessaging.uplugin
LogPluginManager: Loaded Plugin UdpMessaging, From C:/Program Files (x86)/Epic Games/4.14/Engine/Plugins/Messaging/UdpMessaging/UdpMessaging.uplugin
LogPluginManager: Loaded Plugin LevelSequenceEditor, From C:/Program Files (x86)/Epic Games/4.14/Engine/Plugins/MovieScene/LevelSequenceEditor/LevelSequenceEditor.uplugin
LogPluginManager: Loaded Plugin MatineeToLevelSequence, From C:/Program Files (x86)/Epic Games/4.14/Engine/Plugins/MovieScene/MatineeToLevelSequence/MatineeToLevelSequence.uplugin
LogPluginManager: Loaded Plugin NetcodeUnitTest, From C:/Program Files (x86)/Epic Games/4.14/Engine/Plugins/NetcodeUnitTest/NetcodeUnitTest/NetcodeUnitTest.uplugin
LogPluginManager: Loaded Plugin NUTUnrealEngine4, From C:/Program Files (x86)/Epic Games/4.14/Engine/Plugins/NetcodeUnitTest/NUTUnrealEngine4/NUTUnrealEngine4.uplugin
LogPluginManager: Loaded Plugin OnlineSubsystemGameCircle, From C:/Program Files (x86)/Epic Games/4.14/Engine/Plugins/Online/Android/OnlineSubsystemGameCircle/OnlineSubsystemGameCircle.uplugin
LogPluginManager: Loaded Plugin OnlineSubsystemGooglePlay, From C:/Program Files (x86)/Epic Games/4.14/Engine/Plugins/Online/Android/OnlineSubsystemGooglePlay/OnlineSubsystemGooglePlay.uplugin
LogPluginManager: Loaded Plugin OnlineSubsystemIOS, From C:/Program Files (x86)/Epic Games/4.14/Engine/Plugins/Online/IOS/OnlineSubsystemIOS/OnlineSubsystemIOS.uplugin
LogPluginManager: Loaded Plugin OnlineFramework, From C:/Program Files (x86)/Epic Games/4.14/Engine/Plugins/Online/OnlineFramework/OnlineFramework.uplugin
LogPluginManager: Loaded Plugin OnlineSubsystem, From C:/Program Files (x86)/Epic Games/4.14/Engine/Plugins/Online/OnlineSubsystem/OnlineSubsystem.uplugin
LogPluginManager: Loaded Plugin OnlineSubsystemAmazon, From C:/Program Files (x86)/Epic Games/4.14/Engine/Plugins/Online/OnlineSubsystemAmazon/OnlineSubsystemAmazon.uplugin
LogPluginManager: Loaded Plugin OnlineSubsystemFacebook, From C:/Program Files (x86)/Epic Games/4.14/Engine/Plugins/Online/OnlineSubsystemFacebook/OnlineSubsystemFacebook.uplugin
LogPluginManager: Loaded Plugin OnlineSubsystemNull, From C:/Program Files (x86)/Epic Games/4.14/Engine/Plugins/Online/OnlineSubsystemNull/OnlineSubsystemNull.uplugin
LogPluginManager: Loaded Plugin OnlineSubsystemOculus, From C:/Program Files (x86)/Epic Games/4.14/Engine/Plugins/Online/OnlineSubsystemOculus/OnlineSubsystemOculus.uplugin
LogPluginManager: Loaded Plugin OnlineSubsystemSteam, From C:/Program Files (x86)/Epic Games/4.14/Engine/Plugins/Online/OnlineSubsystemSteam/OnlineSubsystemSteam.uplugin
LogPluginManager: Loaded Plugin OnlineSubsystemUtils, From C:/Program Files (x86)/Epic Games/4.14/Engine/Plugins/Online/OnlineSubsystemUtils/OnlineSubsystemUtils.uplugin
LogPluginManager: Loaded Plugin IOSTapJoy, From C:/Program Files (x86)/Epic Games/4.14/Engine/Plugins/Runtime/Advertising/IOSTapJoy/IOSTapJoy.uplugin
LogPluginManager: Loaded Plugin AnalyticsBlueprintLibrary, From C:/Program Files (x86)/Epic Games/4.14/Engine/Plugins/Runtime/Analytics/AnalyticsBlueprintLibrary/AnalyticsBlueprintLibrary.uplugin
LogPluginManager: Loaded Plugin AnalyticsMulticast, From C:/Program Files (x86)/Epic Games/4.14/Engine/Plugins/Runtime/Analytics/AnalyticsMulticast/AnalyticsMulticast.uplugin
LogPluginManager: Loaded Plugin Apsalar, From C:/Program Files (x86)/Epic Games/4.14/Engine/Plugins/Runtime/Analytics/Apsalar/Apsalar.uplugin
LogPluginManager: Loaded Plugin FileLogging, From C:/Program Files (x86)/Epic Games/4.14/Engine/Plugins/Runtime/Analytics/FileLogging/FileLogging.uplugin
LogPluginManager: Loaded Plugin Flurry, From C:/Program Files (x86)/Epic Games/4.14/Engine/Plugins/Runtime/Analytics/Flurry/Flurry.uplugin
LogPluginManager: Loaded Plugin AndroidDeviceProfileSelector, From C:/Program Files (x86)/Epic Games/4.14/Engine/Plugins/Runtime/AndroidDeviceProfileSelector/AndroidDeviceProfileSelector.uplugin
LogPluginManager: Loaded Plugin AndroidMoviePlayer, From C:/Program Files (x86)/Epic Games/4.14/Engine/Plugins/Runtime/AndroidMoviePlayer/AndroidMoviePlayer.uplugin
LogPluginManager: Loaded Plugin AppleMoviePlayer, From C:/Program Files (x86)/Epic Games/4.14/Engine/Plugins/Runtime/AppleMoviePlayer/AppleMoviePlayer.uplugin
LogPluginManager: Loaded Plugin ArchVisCharacter, From C:/Program Files (x86)/Epic Games/4.14/Engine/Plugins/Runtime/ArchVisCharacter/ArchVisCharacter.uplugin
LogPluginManager: Loaded Plugin CableComponent, From C:/Program Files (x86)/Epic Games/4.14/Engine/Plugins/Runtime/CableComponent/CableComponent.uplugin
LogPluginManager: Loaded Plugin CustomMeshComponent, From C:/Program Files (x86)/Epic Games/4.14/Engine/Plugins/Runtime/CustomMeshComponent/CustomMeshComponent.uplugin
LogPluginManager: Loaded Plugin ExampleDeviceProfileSelector, From C:/Program Files (x86)/Epic Games/4.14/Engine/Plugins/Runtime/ExampleDeviceProfileSelector/ExampleDeviceProfileSelector.uplugin
LogPluginManager: Loaded Plugin GearVR, From C:/Program Files (x86)/Epic Games/4.14/Engine/Plugins/Runtime/GearVR/GearVR.uplugin
LogPluginManager: Loaded Plugin GoogleVRController, From C:/Program Files (x86)/Epic Games/4.14/Engine/Plugins/Runtime/GoogleVR/GoogleVRController/GoogleVRController.uplugin
LogPluginManager: Loaded Plugin GoogleVRHMD, From C:/Program Files (x86)/Epic Games/4.14/Engine/Plugins/Runtime/GoogleVR/GoogleVRHMD/GoogleVRHMD.uplugin
LogPluginManager: Loaded Plugin IOSDeviceProfileSelector, From C:/Program Files (x86)/Epic Games/4.14/Engine/Plugins/Runtime/IOSDeviceProfileSelector/IOSDeviceProfileSelector.uplugin
LogPluginManager: Loaded Plugin LeapMotion, From C:/Program Files (x86)/Epic Games/4.14/Engine/Plugins/Runtime/LeapMotion/LeapMotion.uplugin
LogPluginManager: Loaded Plugin LinuxDeviceProfileSelector, From C:/Program Files (x86)/Epic Games/4.14/Engine/Plugins/Runtime/LinuxDeviceProfileSelector/LinuxDeviceProfileSelector.uplugin
LogPluginManager: Loaded Plugin MIDIDevice, From C:/Program Files (x86)/Epic Games/4.14/Engine/Plugins/Runtime/MIDIDevice/MIDIDevice.uplugin
LogPluginManager: Loaded Plugin MobilePatchingUtils, From C:/Program Files (x86)/Epic Games/4.14/Engine/Plugins/Runtime/MobilePatchingUtils/MobilePatchingUtils.uplugin
LogPluginManager: Loaded Plugin Ansel, From C:/Program Files (x86)/Epic Games/4.14/Engine/Plugins/Runtime/Nvidia/Ansel/Ansel.uplugin
LogPluginManager: Loaded Plugin OculusAudio, From C:/Program Files (x86)/Epic Games/4.14/Engine/Plugins/Runtime/OculusAudio/OculusAudio.uplugin
LogPluginManager: Loaded Plugin OculusInput, From C:/Program Files (x86)/Epic Games/4.14/Engine/Plugins/Runtime/OculusInput/OculusInput.uplugin
LogPluginManager: Loaded Plugin OculusLibrary, From C:/Program Files (x86)/Epic Games/4.14/Engine/Plugins/Runtime/OculusLibrary/OculusLibrary.uplugin
LogPluginManager: Loaded Plugin OculusRift, From C:/Program Files (x86)/Epic Games/4.14/Engine/Plugins/Runtime/OculusRift/OculusRift.uplugin
LogPluginManager: Loaded Plugin Oodle, From C:/Program Files (x86)/Epic Games/4.14/Engine/Plugins/Runtime/PacketHandlers/CompressionComponents/Oodle/Oodle.uplugin
LogPluginManager: Loaded Plugin ProceduralMeshComponent, From C:/Program Files (x86)/Epic Games/4.14/Engine/Plugins/Runtime/ProceduralMeshComponent/ProceduralMeshComponent.uplugin
LogPluginManager: Loaded Plugin SoundMod, From C:/Program Files (x86)/Epic Games/4.14/Engine/Plugins/Runtime/SoundMod/SoundMod.uplugin
LogPluginManager: Loaded Plugin SoundVisualizations, From C:/Program Files (x86)/Epic Games/4.14/Engine/Plugins/Runtime/SoundVisualizations/SoundVisualizations.uplugin
LogPluginManager: Loaded Plugin SteamController, From C:/Program Files (x86)/Epic Games/4.14/Engine/Plugins/Runtime/Steam/SteamController/SteamController.uplugin
LogPluginManager: Loaded Plugin SteamVR, From C:/Program Files (x86)/Epic Games/4.14/Engine/Plugins/Runtime/Steam/SteamVR/SteamVR.uplugin
LogPluginManager: Loaded Plugin WebBrowserWidget, From C:/Program Files (x86)/Epic Games/4.14/Engine/Plugins/Runtime/WebBrowserWidget/WebBrowserWidget.uplugin
LogPluginManager: Loaded Plugin WindowsDeviceProfileSelector, From C:/Program Files (x86)/Epic Games/4.14/Engine/Plugins/Runtime/WindowsDeviceProfileSelector/WindowsDeviceProfileSelector.uplugin
LogPluginManager: Loaded Plugin WindowsMoviePlayer, From C:/Program Files (x86)/Epic Games/4.14/Engine/Plugins/Runtime/WindowsMoviePlayer/WindowsMoviePlayer.uplugin
LogPluginManager: Loaded Plugin ScriptPlugin, From C:/Program Files (x86)/Epic Games/4.14/Engine/Plugins/ScriptPlugin/ScriptPlugin.uplugin
LogPluginManager: Loaded Plugin SlateRemote, From C:/Program Files (x86)/Epic Games/4.14/Engine/Plugins/Slate/SlateRemote/SlateRemote.uplugin
LogPluginManager: Loaded Plugin EditorTests, From C:/Program Files (x86)/Epic Games/4.14/Engine/Plugins/Tests/EditorTests/EditorTests.uplugin
LogPluginManager: Loaded Plugin FbxAutomationTestBuilder, From C:/Program Files (x86)/Epic Games/4.14/Engine/Plugins/Tests/FbxAutomationTestBuilder/FbxAutomationTestBuilder.uplugin
LogPluginManager: Loaded Plugin FunctionalTestingEditor, From C:/Program Files (x86)/Epic Games/4.14/Engine/Plugins/Tests/FunctionalTestingEditor/FunctionalTestingEditor.uplugin
LogPluginManager: Loaded Plugin RuntimeTests, From C:/Program Files (x86)/Epic Games/4.14/Engine/Plugins/Tests/RuntimeTests/RuntimeTests.uplugin
LogPluginManager: Loaded Plugin ScreenshotTools, From C:/Program Files (x86)/Epic Games/4.14/Engine/Plugins/Tests/ScreenshotTools/ScreenshotTools.uplugin
LogInit: Using libcurl 7.47.1
LogInit:  - built for x86_64-pc-win32
LogInit:  - supports SSL with OpenSSL/1.0.2g
LogInit:  - supports HTTP deflate (compression) using libz 1.2.8
LogInit:  - other features:
LogInit:      CURL_VERSION_SSL
LogInit:      CURL_VERSION_LIBZ
LogInit:      CURL_VERSION_IPV6
LogInit:      CURL_VERSION_ASYNCHDNS
LogInit:      CURL_VERSION_LARGEFILE
LogInit:      CURL_VERSION_IDN
LogInit:  CurlRequestOptions (configurable via config and command line):
LogInit:  - bVerifyPeer = false  - Libcurl will NOT verify peer certificate
LogInit:  - bUseHttpProxy = false  - Libcurl will NOT use HTTP proxy
LogInit:  - bDontReuseConnections = false  - Libcurl will reuse connections
LogInit:  - CertBundlePath = nullptr  - Libcurl will use whatever was configured at build time.
LogInit: Build: ++UE4+Release-4.14-CL-3249277
LogInit: Engine Version: 4.14.3-3249277+++UE4+Release-4.14
LogInit: Compatible Engine Version: 4.14.0-3195953+++UE4+Release-4.14
LogInit: Net CL: 3195953
LogDevObjectVersion: Number of dev versions registered: 13
LogDevObjectVersion:   Dev-Blueprints (B0D832E4-1F89-4F0D-ACCF-7EB736FD4AA2): 7
LogDevObjectVersion:   Dev-Build (E1C64328-A22C-4D53-A36C-8E866417BD8C): 0
LogDevObjectVersion:   Dev-Core (375EC13C-06E4-48FB-B500-84F0262A717E): 1
LogDevObjectVersion:   Dev-Editor (E4B068ED-F494-42E9-A231-DA0B2E46BB41): 8
LogDevObjectVersion:   Dev-Framework (CFFC743F-43B0-4480-9391-14DF171D2073): 17
LogDevObjectVersion:   Dev-Mobile (B02B49B5-BB20-44E9-A304-32B752E40360): 0
LogDevObjectVersion:   Dev-Networking (A4E4105C-59A1-49B5-A7C5-40C4547EDFEE): 0
LogDevObjectVersion:   Dev-Online (39C831C9-5AE6-47DC-9A44-9C173E1C8E7C): 0
LogDevObjectVersion:   Dev-Physics (78F01B33-EBEA-4F98-B9B4-84EACCB95AA2): 0
LogDevObjectVersion:   Dev-Platform (6631380F-2D4D-43E0-8009-CF276956A95A): 0
LogDevObjectVersion:   Dev-Rendering (12F88B9F-8875-4AFC-A67C-D90C383ABD29): 12
LogDevObjectVersion:   Dev-Sequencer (7B5AE74C-D270-4C10-A958-57980B212A5A): 1
LogDevObjectVersion:   Dev-VR (D7296918-1DD6-4BDD-9DE2-64A83CC13884): 0
LogInit: Compiled (64-bit): Jan  6 2017 10:49:43
LogInit: Compiled with Visual C++: 19.00.23026.00
LogInit: Build Configuration: Development
LogInit: Branch Name: ++UE4+Release-4.14
LogInit: Command line: -EpicPortal 
LogInit: Base directory: C:/Program Files (x86)/Epic Games/4.14/Engine/Binaries/Win64/
LogInit: Installed Engine Build: 1
LogInit: Presizing for max 8388607 objects, including 0 objects not considered by GC, pre-allocating 0 bytes for permanent pool.
LogInit: Object subsystem initialized
[2017.03.20-23.16.54:622][  0]LogInit: Selected Device Profile: [Windows]
[2017.03.20-23.16.54:622][  0]LogInit: Applying CVar settings loaded from the selected device profile: [Windows]
[2017.03.20-23.16.54:757][  0]LogInit: Computer: CASHSHERIDAN
[2017.03.20-23.16.54:757][  0]LogInit: User: Christian
[2017.03.20-23.16.54:757][  0]LogInit: CPU Page size=65536, Cores=2
[2017.03.20-23.16.54:757][  0]LogInit: High frequency timer resolution =1.266831 MHz
[2017.03.20-23.16.54:758][  0]LogMemory: Memory total: Physical=7.6GB (8GB approx)
[2017.03.20-23.16.54:758][  0]LogMemory: Platform Memory Stats for Windows
[2017.03.20-23.16.54:758][  0]LogMemory: Process Physical Memory: 262.45 MB used, 262.45 MB peak
[2017.03.20-23.16.54:758][  0]LogMemory: Process Virtual Memory: 262.36 MB used, 262.36 MB peak
[2017.03.20-23.16.54:758][  0]LogMemory: Physical Memory: 4401.22 MB used,  3377.04 MB free, 7778.26 MB total
[2017.03.20-23.16.54:758][  0]LogMemory: Virtual Memory: 674.28 MB used,  3377.04 MB free, 134217728.00 MB total
[2017.03.20-23.16.56:249][  0]LogTextLocalizationManager: No specific translations for ('en-US') exist, so ('en') translations will be used.
[2017.03.20-23.17.02:339][  0]LogD3D11RHI: D3D11 adapters:
[2017.03.20-23.17.02:414][  0]LogD3D11RHI:    0. 'AMD Radeon HD 6310 Graphics' (Feature Level 11_0)
[2017.03.20-23.17.02:414][  0]LogD3D11RHI:       369/0/3712 MB DedicatedVideo/DedicatedSystem/SharedSystem, Outputs:1, VendorId:0x1002
[2017.03.20-23.17.02:429][  0]LogD3D11RHI:    1. 'Microsoft Basic Render Driver' (Feature Level 11_0)
[2017.03.20-23.17.02:429][  0]LogD3D11RHI:       0/0/3889 MB DedicatedVideo/DedicatedSystem/SharedSystem, Outputs:0, VendorId:0x1414
[2017.03.20-23.17.02:429][  0]LogD3D11RHI: Chosen D3D11 Adapter: 0
[2017.03.20-23.17.02:447][  0]LogD3D11RHI: Creating new Direct3DDevice
[2017.03.20-23.17.02:447][  0]LogD3D11RHI:     GPU DeviceId: 0x9802 (for the marketing name, search the web for "GPU Device Id")
[2017.03.20-23.17.02:447][  0]LogWindows: EnumDisplayDevices:
[2017.03.20-23.17.02:449][  0]LogWindows:    0. 'AMD Radeon HD 6310 Graphics' (P:1 D:1)
[2017.03.20-23.17.02:457][  0]LogWindows:    1. 'AMD Radeon HD 6310 Graphics' (P:0 D:0)
[2017.03.20-23.17.02:465][  0]LogWindows: DebugString: FoundDriverCount:2 
[2017.03.20-23.17.02:465][  0]LogD3D11RHI:     Adapter Name: AMD Radeon HD 6310 Graphics
[2017.03.20-23.17.02:465][  0]LogD3D11RHI:   Driver Version: 15.201.1151.0 (internal:15.201.1151.0, unified:15.201.1151.0)
[2017.03.20-23.17.02:465][  0]LogD3D11RHI:      Driver Date: 8-21-2015
[2017.03.20-23.17.02:465][  0]LogRHI: Texture pool is 258 MB (70% of 369 MB)
[2017.03.20-23.17.02:529][  0]LogD3D11RHI: Async texture creation enabled
[2017.03.20-23.17.02:565][  0]LogD3D11RHI: GPU Timing Frequency: 50.000000 (Debug: 2 1)
[2017.03.20-23.17.02:568][  0]LogShaderCompilers: Guid format shader working directory is -24 characters bigger than the processId version (../../../../../../Users/Christian/Documents/Unreal Projects/TheShadowRealm/Intermediate/Shaders/WorkingDirectory/5956/).
[2017.03.20-23.17.02:569][  0]LogShaderCompilers: Cleaned the shader compiler working directory 'C:/Users/Christian/AppData/Local/Temp/UnrealShaderWorkingDir/34C27BDE4301E531765CCA90A5B96E8B/'.
[2017.03.20-23.17.02:569][  0]LogShaderCompilers:Display: Using Local Shader Compiler.
[2017.03.20-23.17.14:114][  0]LogTemp:Display: Loaded TP AllDesktopTargetPlatform
[2017.03.20-23.17.15:502][  0]LogTemp:Display: Loaded TP MacClientTargetPlatform
[2017.03.20-23.17.16:884][  0]LogTemp:Display: Loaded TP MacNoEditorTargetPlatform
[2017.03.20-23.17.18:261][  0]LogTemp:Display: Loaded TP MacServerTargetPlatform
[2017.03.20-23.17.19:635][  0]LogTemp:Display: Loaded TP MacTargetPlatform
[2017.03.20-23.17.21:020][  0]LogTemp:Display: Loaded TP WindowsClientTargetPlatform
[2017.03.20-23.17.22:411][  0]LogTemp:Display: Loaded TP WindowsNoEditorTargetPlatform
[2017.03.20-23.17.23:798][  0]LogTemp:Display: Loaded TP WindowsServerTargetPlatform
[2017.03.20-23.17.25:103][  0]LogTemp:Display: Loaded TP WindowsTargetPlatform
[2017.03.20-23.17.26:480][  0]LogTemp:Display: Loaded TP AndroidTargetPlatform
[2017.03.20-23.17.27:856][  0]LogTemp:Display: Loaded TP Android_ASTCTargetPlatform
[2017.03.20-23.17.29:224][  0]LogTemp:Display: Loaded TP Android_ATCTargetPlatform
[2017.03.20-23.17.30:594][  0]LogTemp:Display: Loaded TP Android_DXTTargetPlatform
[2017.03.20-23.17.31:976][  0]LogTemp:Display: Loaded TP Android_ETC1TargetPlatform
[2017.03.20-23.17.33:347][  0]LogTemp:Display: Loaded TP Android_ETC2TargetPlatform
[2017.03.20-23.17.36:088][  0]LogTemp:Display: Loaded TP Android_MultiTargetPlatform
[2017.03.20-23.17.36:089][  0]LogTemp:Display: Loaded TP Android_PVRTCTargetPlatform
[2017.03.20-23.17.37:364][  0]LogTemp:Display: Loaded TP HTML5TargetPlatform
[2017.03.20-23.17.39:497][  0]LogTemp:Display: Loaded TP IOSTargetPlatform
[2017.03.20-23.17.40:343][  0]LogTemp:Display: Loaded TP TVOSTargetPlatform
[2017.03.20-23.17.41:712][  0]LogTemp:Display: Loaded TP LinuxClientTargetPlatform
[2017.03.20-23.17.43:097][  0]LogTemp:Display: Loaded TP LinuxNoEditorTargetPlatform
[2017.03.20-23.17.44:479][  0]LogTemp:Display: Loaded TP LinuxServerTargetPlatform
[2017.03.20-23.17.45:956][  0]LogTemp:Display: Loaded TP LinuxTargetPlatform
[2017.03.20-23.17.45:956][  0]LogTargetPlatformManager:Display: Building Assets For Windows
[2017.03.20-23.17.58:861][  0]LogDerivedDataCache:Display: Max Cache Size: 512 MB
[2017.03.20-23.17.59:781][  0]LogDerivedDataCache: Loaded boot cache 0.92s 50MB C:/Users/Christian/AppData/Local/UnrealEngine/4.14/DerivedDataCache/Boot.ddc.
[2017.03.20-23.17.59:781][  0]LogDerivedDataCache:Display: Loaded Boot cache: C:/Users/Christian/AppData/Local/UnrealEngine/4.14/DerivedDataCache/Boot.ddc
[2017.03.20-23.17.59:782][  0]LogDerivedDataCache: FDerivedDataBackendGraph:  Pak pak cache file ../../../../../../Users/Christian/Documents/Unreal Projects/TheShadowRealm/DerivedDataCache/DDC.ddp not found, will not use a pak cache.
[2017.03.20-23.17.59:782][  0]LogDerivedDataCache: Unable to find inner node Pak for hierarchical cache Hierarchy.
[2017.03.20-23.17.59:782][  0]LogDerivedDataCache: FDerivedDataBackendGraph:  CompressedPak pak cache file ../../../../../../Users/Christian/Documents/Unreal Projects/TheShadowRealm/DerivedDataCache/Compressed.ddp not found, will not use a pak cache.
[2017.03.20-23.17.59:783][  0]LogDerivedDataCache: Unable to find inner node CompressedPak for hierarchical cache Hierarchy.
[2017.03.20-23.17.59:891][  0]LogDerivedDataCache:Display: Pak cache opened for reading ../../../Engine/DerivedDataCache/Compressed.ddp.
[2017.03.20-23.17.59:914][  0]LogDerivedDataCache: Using Local data cache path C:/Users/Christian/AppData/Local/UnrealEngine/Common/DerivedDataCache: Writable
[2017.03.20-23.18.01:734][  0]LogInit: Selected Device Profile: [Windows]
[2017.03.20-23.18.01:768][  0]LogContentStreaming: Texture pool size is 0.00 MB
[2017.03.20-23.18.05:960][  0]LogMeshUtilities: Using QuadricMeshReduction for automatic static mesh reduction
[2017.03.20-23.18.07:420][  0]LogSimplygon: Simplygon DLL not present - disabling.
[2017.03.20-23.18.08:861][  0]LogMeshUtilities: Using SimplygonSwarm for distributed automatic mesh merging
[2017.03.20-23.18.08:861][  0]LogMeshUtilities: No automatic skeletal mesh reduction module available
[2017.03.20-23.18.08:861][  0]LogMeshUtilities: No automatic mesh merging module available
[2017.03.20-23.18.16:513][  0]LogNetVersion: GetLocalNetworkVersion: CL: 3195953, ProjectName: theshadowrealm, ProjectVersion: , EngineNetworkVersion: 2, GameNetworkVersion: 0, NetworkChecksum: 2850033435
[2017.03.20-23.18.17:475][  0]LogAssetRegistry: FAssetRegistry took 0.0241 seconds to start up
[2017.03.20-23.18.18:752][  0]LogPackageLocalizationCache: Processed 3 localized package path(s) for 2 prioritized culture(s) in 0.432587 seconds
[2017.03.20-23.18.18:785][  0]LogUObjectArray: 31946 objects as part of root set at end of initial load.
[2017.03.20-23.18.18:785][  0]LogUObjectAllocator: 6935848 out of 0 bytes used by permanent object pool.
[2017.03.20-23.18.18:785][  0]LogUObjectArray: CloseDisregardForGC: 0/0 objects in disregard for GC pool
[2017.03.20-23.18.21:312][  0]LogInit: WinSock: version 1.1 (2.2), MaxSocks=32767, MaxUdp=65467
[2017.03.20-23.18.46:478][  0]LogSlate: Using Freetype 2.6.0
[2017.03.20-23.18.46:611][  0]LogSlate: SlateFontCache - WITH_FREETYPE: 1, WITH_HARFBUZZ: 1
[2017.03.20-23.18.46:611][  0]LogSlate: SlateFontCache - WITH_FREETYPE: 1, WITH_HARFBUZZ: 1
[2017.03.20-23.19.26:627][  0]LogTcpMessaging: Initializing TcpMessaging bridge
[2017.03.20-23.19.27:648][  0]LogUdpMessaging: Initializing bridge on interface 0.0.0.0:0 to multicast group 230.0.0.1:6666.
[2017.03.20-23.19.36:272][  0]LogMaterial: Uniform references updated for custom material expression Custom.
[2017.03.20-23.19.47:657][  0]SourceControl: Info Source control is disabled
[2017.03.20-23.19.47:673][  0]SourceControl: Info Source control is disabled
[2017.03.20-23.19.49:325][  0]SourceControl: Info Source control is disabled
[2017.03.20-23.19.50:977][  0]SourceControl: Info Source control is disabled
[2017.03.20-23.20.35:165][  0]LogEngine: Initializing Engine...
[2017.03.20-23.20.35:175][  0]LogHMD: Failed to initialize OpenVR with code 110
[2017.03.20-23.20.41:357][  0]LogAIModule: Creating AISystem for world Untitled
[2017.03.20-23.20.41:520][  0]LogInit: XAudio2 using 'Speakers (High Definition Audio Device)' : 2 channels at 44.1 kHz using 16 bits per sample (channel mask 0x3)
[2017.03.20-23.20.41:685][  0]LogInit: FAudioDevice initialized.
[2017.03.20-23.20.41:838][  0]LogDerivedDataCache: Saved boot cache 0.15s 50MB C:/Users/Christian/AppData/Local/UnrealEngine/4.14/DerivedDataCache/Boot.ddc.
[2017.03.20-23.20.41:896][  0]LogInit: Texture streaming: Enabled
[2017.03.20-23.20.50:433][  0]LogInit: Transaction tracking system initialized
[2017.03.20-23.21.04:181][  0]BlueprintLog: New page: Editor Load
[2017.03.20-23.21.39:784][  0]LocalizationService: Info Localization service is disabled
[2017.03.20-23.22.05:707][  0]LogConsoleResponse:Display: 
[2017.03.20-23.22.09:227][  0]LogCook:Display: Max memory allowance for cook 16384mb min free memory 0mb
[2017.03.20-23.22.09:227][  0]LogCook:Display: Mobile HDR setting 1
[2017.03.20-23.22.10:303][  0]LogFileCache: Scanning file cache for directory 'C:/Users/Christian/Documents/Unreal Projects/TheShadowRealm/Content/' took 0.07s
[2017.03.20-23.22.44:154][  0]SourceControl: Info Source control is disabled
[2017.03.20-23.22.44:154][  0]Cmd: MAP LOAD FILE="../../../../../../Users/Christian/Documents/Unreal Projects/TheShadowRealm/Content/StarterContent/Maps/Minimal_Default.umap" TEMPLATE=0 SHOWPROGRESS=1 FEATURELEVEL=3
[2017.03.20-23.22.44:272][  0]LightingResults: New page: Lighting Build
[2017.03.20-23.22.45:742][  0]MapCheck: New page: Map Check
[2017.03.20-23.22.45:742][  0]LightingResults: New page: Lighting Build
[2017.03.20-23.22.50:127][  0]LogAIModule: Creating AISystem for world Minimal_Default
[2017.03.20-23.22.51:117][  0]LogEditorServer: Finished looking for orphan Actors (0.000 secs)
[2017.03.20-23.22.51:143][  0]Cmd: MAP CHECKDEP NOCLEARLOG
[2017.03.20-23.22.52:215][  0]MapCheck: Info Map check complete: 0 Error(s), 0 Warning(s), took 1,072.415ms to complete.
[2017.03.20-23.22.52:217][  0]LogFileHelpers: Loading map 'Minimal_Default' took 8.063
[2017.03.20-23.22.53:550][  0]LogCollectionManager: Loaded 0 collections in 0.013412 seconds
[2017.03.20-23.22.55:127][  0]LogFileCache: Scanning file cache for directory 'C:/Users/Christian/Documents/Unreal Projects/TheShadowRealm/Saved/Collections/' took 0.01s
[2017.03.20-23.22.55:127][  0]LogFileCache: Scanning file cache for directory 'C:/Users/Christian/Documents/Unreal Projects/TheShadowRealm/Content/Developers/Christian/Collections/' took 0.01s
[2017.03.20-23.22.55:127][  0]LogFileCache: Scanning file cache for directory 'C:/Users/Christian/Documents/Unreal Projects/TheShadowRealm/Content/Collections/' took 0.01s
[2017.03.20-23.22.55:127][  0]LogCollectionManager: Rebuilt the GUID cache for 0 collections in 0.000008 seconds
[2017.03.20-23.22.55:178][  0]LogContentBrowser: Native class hierarchy populated in 0.0498 seconds. Added 2190 classes and 428 folders.
[2017.03.20-23.22.56:670][  0]LogStats: UGameplayTagsManager::ConstructGameplayTagTree: Construct from data asset -  0.000 s
[2017.03.20-23.22.56:670][  0]LogStats: UGameplayTagsManager::ConstructGameplayTagTree: GameplayTagTreeChangedEvent.Broadcast -  0.000 s
[2017.03.20-23.22.56:676][  0]LogContentBrowser: Native class hierarchy updated for 'GameplayTags' in 0.0063 seconds. Added 13 classes and 0 folders.
[2017.03.20-23.22.59:008][  0]LogContentBrowser: Native class hierarchy updated for 'WidgetCarousel' in 0.0040 seconds. Added 0 classes and 0 folders.
[2017.03.20-23.23.02:363][  0]LogContentBrowser: Native class hierarchy updated for 'AddContentDialog' in 0.0044 seconds. Added 0 classes and 0 folders.
[2017.03.20-23.23.04:639][  0]LogContentBrowser: Native class hierarchy updated for 'SceneOutliner' in 0.0041 seconds. Added 1 classes and 2 folders.
[2017.03.20-23.23.05:838][  0]LogCrashTracker: Crashtracker disabled due to settings.
[2017.03.20-23.23.05:861][  0]LogUObjectGlobals:Warning: Failed to find object 'Class None.'
[2017.03.20-23.23.07:743][  0]LogContentBrowser: Native class hierarchy updated for 'HierarchicalLODOutliner' in 0.0049 seconds. Added 1 classes and 2 folders.
[2017.03.20-23.23.07:745][  0]LogLoad: (Engine Initialization) Total time: 394.76 seconds
[2017.03.20-23.23.07:745][  0]LogLoad: (Engine Initialization) Total Blueprint compile time: 1.89 seconds
[2017.03.20-23.23.07:745][  0]LogExternalProfiler: No external profilers were discovered.  External profiling features will not be available.
[2017.03.20-23.23.08:089][  0]LogOcInput: OculusInput pre-init called
[2017.03.20-23.23.08:122][  0]LogContentStreaming: Texture pool size now 400 MB
[2017.03.20-23.23.10:171][  2]LogRenderer: Reallocating scene render targets to support 820x628 NumSamples 1 (Frame:2).
[2017.03.20-23.23.14:188][  8]LogAssetRegistry: Asset discovery search completed in 296.7368 seconds
[2017.03.20-23.23.14:189][  8]LogCollectionManager: Rebuilt the object cache for 0 collections in 0.000002 seconds (found 0 objects)
[2017.03.20-23.23.14:189][  8]LogCollectionManager: Fixed up redirectors for 0 collections in 0.000069 seconds (updated 0 objects)
[2017.03.20-23.25.11:537][403]LogEditorViewport: Clicking on Actor (LMB): PlayerStart (PlayerStart)
[2017.03.20-23.33.30:966][797]LogEditor: Attempting to add actor of class 'ArchVisCharacter' to level at 1860.85,-677.77,407.60
[2017.03.20-23.38.38:751][402]LogEditorViewport: Clicking on Actor (LMB): StaticMeshActor (Shape_Plane)
[2017.03.20-23.38.51:614][509]LogEditorViewport: Clicking on Actor (LMB): BP_Sky_Sphere_C (BP_Sky_Sphere)
[2017.03.20-23.39.10:307][672]LogEditorViewport: Clicking on Actor (LMB): PlayerStart (PlayerStart)
[2017.03.20-23.39.12:314][690]Cmd: DELETE
[2017.03.20-23.39.12:314][690]Cmd: ACTOR DELETE
[2017.03.20-23.39.12:521][690]LogEditorActor: Deleted Actor: PlayerStart
[2017.03.20-23.39.12:632][690]LogEditorActor: Deleted 1 Actors (0.164 secs)
[2017.03.20-23.40.13:698][899]LogSavePackage: Save=5340.48ms
[2017.03.20-23.40.13:698][899]LogSavePackage: Moving '../../../../../../Users/Christian/Documents/Unreal Projects/TheShadowRealm/Saved/Minimal_Default_Auto1AFF33F0846BB91A3D4379F9E3A206533.tmp' to '../../../../../../Users/Christian/Documents/Unreal Projects/TheShadowRealm/Saved/Autosaves/Game/StarterContent/Maps/Minimal_Default_Auto1.umap'
[2017.03.20-23.40.13:722][899]LogSavePackage:Display: Finished SavePackage ../../../../../../Users/Christian/Documents/Unreal Projects/TheShadowRealm/Saved/Autosaves/Game/StarterContent/Maps/Minimal_Default_Auto1.umap
[2017.03.20-23.40.13:752][899]LogFileHelpers: Editor autosave (incl. sublevels) for '/Game/StarterContent/Maps/Minimal_Default' took 16.391
[2017.03.20-23.40.13:752][899]LogFileHelpers: Editor autosave (incl. sublevels) for all levels took 16.391
[2017.03.20-23.44.22:467][633]LogEditorViewport: Clicking on Actor (LMB): CameraActor (CameraActor)
[2017.03.20-23.44.27:463][669]Cmd: DELETE
[2017.03.20-23.44.27:463][669]Cmd: ACTOR DELETE
[2017.03.20-23.44.29:644][669]LogEditorActor: Deleted Actor: CameraActor
[2017.03.20-23.44.29:815][669]LogEditorActor: Deleted 1 Actors (2.352 secs)
[2017.03.20-23.45.43:694][398]LogEditorActor: Deleted Actor: PostProcessVolume
[2017.03.20-23.45.43:807][398]LogEditorActor: Deleted 1 Actors (0.124 secs)
[2017.03.20-23.45.56:677][522]LogEditorViewport: Clicking on Actor (LMB): StaticMeshActor (Shape_Plane)
[2017.03.20-23.45.58:481][539]Cmd: EDIT COPY
[2017.03.20-23.45.59:584][550]Cmd: EDIT PASTE
[2017.03.20-23.46.14:140][685]LogEditorViewport: Clicking on Actor (LMB): BP_Sky_Sphere_C (BP_Sky_Sphere)
[2017.03.20-23.47.02:387][114]LogActorFactory: Actor Factory created SM_Rock
[2017.03.20-23.47.07:639][162]LogActorFactory: Actor Factory created SM_Rock
[2017.03.20-23.47.21:172][290]LogEditorViewport: Clicking on Actor (LMB): BP_Sky_Sphere_C (BP_Sky_Sphere)
[2017.03.20-23.47.34:115][408]LogActorFactory: Actor Factory created SM_Rock
[2017.03.20-23.47.37:979][443]LogActorFactory: Actor Factory created SM_Rock
[2017.03.20-23.47.38:705][446]LogActorFactory: Actor Factory created SM_Rock
[2017.03.20-23.47.44:292][502]LogActorFactory: Actor Factory created SM_Rock
[2017.03.20-23.47.44:635][504]LogEditorViewport: Clicking on Actor (LMB): BP_Sky_Sphere_C (BP_Sky_Sphere)
[2017.03.20-23.48.01:368][653]LogActorFactory: Actor Factory created SM_Rock
[2017.03.20-23.48.03:908][677]LogActorFactory: Actor Factory created SM_Rock
[2017.03.20-23.48.34:420][982]LogActorFactory: Actor Factory created SM_Rock
[2017.03.20-23.48.41:358][ 56]LogActorFactory: Actor Factory created SM_Rock
[2017.03.20-23.49.17:599][434]LogEditorViewport: Clicking on Actor (LMB): BP_Sky_Sphere_C (BP_Sky_Sphere)
[2017.03.20-23.49.30:083][546]LogActorFactory: Actor Factory created SM_Rock
[2017.03.20-23.49.32:975][573]LogActorFactory: Actor Factory created SM_Rock
[2017.03.20-23.50.16:553][989]LogEditorViewport: Clicking on Actor (LMB): StaticMeshActor (Shape_Plane2)
[2017.03.20-23.50.24:842][ 71]LogEditorViewport: Clicking on Actor (LMB): BP_Sky_Sphere_C (BP_Sky_Sphere)
[2017.03.20-23.50.30:325][120]LogEditorViewport: Clicking on Actor (LMB): StaticMeshActor (Cube)
[2017.03.20-23.50.32:332][141]Cmd: EDIT COPY
[2017.03.20-23.50.32:961][148]Cmd: EDIT PASTE
[2017.03.20-23.51.10:736][539]LogEditorViewport: Clicking on Actor (LMB): BP_Sky_Sphere_C (BP_Sky_Sphere)
[2017.03.20-23.51.16:763][593]LogActorFactory: Actor Factory created SM_Rock
[2017.03.20-23.51.21:272][637]LogActorFactory: Actor Factory created SM_Rock
[2017.03.20-23.51.22:225][643]LogActorFactory: Actor Factory created SM_Rock
[2017.03.20-23.51.28:876][713]LogActorFactory: Actor Factory created SM_Rock
[2017.03.20-23.51.30:123][723]LogActorFactory: Actor Factory created SM_Rock
[2017.03.20-23.51.34:299][767]LogActorFactory: Actor Factory created SM_Rock
[2017.03.20-23.52.22:515][272]LogEditorViewport: Clicking on Actor (LMB): BP_Sky_Sphere_C (BP_Sky_Sphere)
[2017.03.20-23.52.26:402][293]LogSavePackage: Save=814.81ms
[2017.03.20-23.52.26:402][293]LogSavePackage: Moving '../../../../../../Users/Christian/Documents/Unreal Projects/TheShadowRealm/Saved/Minimal_Default_Auto216606230491B2ABDEB31FDB277143D9C.tmp' to '../../../../../../Users/Christian/Documents/Unreal Projects/TheShadowRealm/Saved/Autosaves/Game/StarterContent/Maps/Minimal_Default_Auto2.umap'
[2017.03.20-23.52.26:422][293]LogSavePackage:Display: Finished SavePackage ../../../../../../Users/Christian/Documents/Unreal Projects/TheShadowRealm/Saved/Autosaves/Game/StarterContent/Maps/Minimal_Default_Auto2.umap
[2017.03.20-23.52.26:439][293]LogFileHelpers: Editor autosave (incl. sublevels) for '/Game/StarterContent/Maps/Minimal_Default' took 1.068
[2017.03.20-23.52.26:439][293]LogFileHelpers: Editor autosave (incl. sublevels) for all levels took 1.068
[2017.03.20-23.52.59:880][622]LogActorFactory: Actor Factory created SM_Rock
[2017.03.20-23.53.01:923][642]LogActorFactory: Actor Factory created SM_Rock
[2017.03.20-23.53.27:458][902]LogEditorViewport: Clicking on Actor (LMB): BP_Sky_Sphere_C (BP_Sky_Sphere)
[2017.03.20-23.53.42:165][ 43]LogEditorViewport: Clicking on Actor (LMB): StaticMeshActor (Cube)
[2017.03.20-23.53.43:740][ 57]LogEditorViewport: Clicking on Actor (LMB): StaticMeshActor (SM_Rock56)
[2017.03.20-23.53.51:768][138]LogEditorViewport: Clicking on Actor (LMB): BP_Sky_Sphere_C (BP_Sky_Sphere)
[2017.03.20-23.53.54:098][155]LogActorFactory: Actor Factory created SM_Rock
[2017.03.20-23.53.57:368][186]LogActorFactory: Actor Factory created SM_Rock
[2017.03.20-23.53.58:229][191]LogActorFactory: Actor Factory created SM_Rock
[2017.03.20-23.54.01:299][222]LogActorFactory: Actor Factory created SM_Rock
[2017.03.20-23.54.10:763][323]LogEditorViewport: Clicking on Actor (LMB): StaticMeshActor (Shape_Plane2)
[2017.03.20-23.54.19:879][419]LogEditorViewport: Clicking on Actor (LMB): BP_Sky_Sphere_C (BP_Sky_Sphere)
[2017.03.20-23.54.20:999][428]LogEditorViewport: Clicking on Actor (LMB): StaticMeshActor (Shape_Plane2)
[2017.03.20-23.54.39:097][617]LogEditorViewport: Clicking on Actor (LMB): BP_Sky_Sphere_C (BP_Sky_Sphere)
[2017.03.20-23.54.53:019][754]LogActorFactory: Actor Factory created SM_Rock
[2017.03.20-23.54.55:315][776]LogActorFactory: Actor Factory created SM_Rock
[2017.03.20-23.55.00:683][830]LogActorFactory: Actor Factory created SM_Rock
[2017.03.20-23.55.02:509][849]LogActorFactory: Actor Factory created SM_Rock
[2017.03.20-23.55.45:176][295]LogEditorViewport: Clicking on Actor (LMB): BP_Sky_Sphere_C (BP_Sky_Sphere)
[2017.03.20-23.55.52:913][366]LogActorFactory: Actor Factory created SM_Rock
[2017.03.20-23.55.55:744][393]LogActorFactory: Actor Factory created SM_Rock
[2017.03.20-23.56.10:009][533]LogEditorViewport: Clicking on Actor (LMB): BP_Sky_Sphere_C (BP_Sky_Sphere)
[2017.03.20-23.56.18:114][606]LogActorFactory: Actor Factory created SM_Rock
[2017.03.20-23.56.23:177][655]LogActorFactory: Actor Factory created SM_Rock
[2017.03.20-23.56.29:479][716]LogEditorViewport: Clicking on Actor (LMB): BP_Sky_Sphere_C (BP_Sky_Sphere)
[2017.03.20-23.56.37:532][792]LogEditorViewport: Clicking on Actor (LMB): StaticMeshActor (SM_Rock62)
[2017.03.20-23.56.43:435][851]LogEditorViewport: Clicking on Actor (LMB): BP_Sky_Sphere_C (BP_Sky_Sphere)
[2017.03.20-23.57.51:776][520]LogEditorViewport: Clicking on Actor (LMB): StaticMeshActor (Shape_Plane2)
[2017.03.20-23.58.28:758][914]LogEditorViewport: Clicking on Actor (LMB): BP_Sky_Sphere_C (BP_Sky_Sphere)
[2017.03.21-00.02.16:741][296]LogActorFactory: Actor Factory created SM_Rock
[2017.03.21-00.02.18:927][317]LogActorFactory: Actor Factory created SM_Rock
[2017.03.21-00.03.00:655][744]LogActorFactory: Actor Factory created SM_Rock
[2017.03.21-00.03.03:896][774]LogActorFactory: Actor Factory created SM_Rock
[2017.03.21-00.03.04:721][779]LogActorFactory: Actor Factory created SM_Rock
[2017.03.21-00.03.05:975][792]LogActorFactory: Actor Factory created SM_Rock
[2017.03.21-00.03.11:574][850]LogEditorViewport: Clicking on Actor (LMB): BP_Sky_Sphere_C (BP_Sky_Sphere)
[2017.03.21-00.04.25:455][558]LogActorFactory: Actor Factory created SM_Rock
[2017.03.21-00.04.28:647][588]LogActorFactory: Actor Factory created SM_Rock
[2017.03.21-00.04.57:748][878]LogEditorViewport: Clicking on Actor (LMB): StaticMeshActor (Cube)
[2017.03.21-00.04.59:843][896]LogEditorViewport: Clicking on Actor (LMB): StaticMeshActor (SM_Rock66)
[2017.03.21-00.05.09:591][999]LogEditorViewport: Clicking on Actor (LMB): BP_Sky_Sphere_C (BP_Sky_Sphere)
[2017.03.21-00.05.15:630][ 83]LogEditorViewport: Clicking on Actor (LMB): BP_Sky_Sphere_C (BP_Sky_Sphere)
[2017.03.21-00.05.25:686][174]LogActorFactory: Actor Factory created SM_Rock
[2017.03.21-00.05.27:888][195]LogActorFactory: Actor Factory created SM_Rock
[2017.03.21-00.05.29:628][211]LogEditorViewport: Clicking on Actor (LMB): StaticMeshActor (SM_Rock55)
[2017.03.21-00.05.40:481][321]LogEditorViewport: Clicking on Actor (LMB): StaticMeshActor (SM_Rock53)
[2017.03.21-00.05.45:862][375]LogEditorViewport: Clicking on Actor (LMB): StaticMeshActor (SM_Rock55)
[2017.03.21-00.05.47:155][388]Cmd: DELETE
[2017.03.21-00.05.47:155][388]Cmd: ACTOR DELETE
[2017.03.21-00.05.47:162][388]LogEditorActor: Deleted Actor: StaticMeshActor
[2017.03.21-00.05.47:350][388]LogEditorActor: Deleted 1 Actors (0.194 secs)
[2017.03.21-00.06.38:130][995]LogActorFactory: Actor Factory created SM_Rock
[2017.03.21-00.06.42:075][ 41]LogActorFactory: Actor Factory created SM_Rock
[2017.03.21-00.07.22:396][457]LogEditorViewport: Clicking on Actor (LMB): StaticMeshActor (SM_Rock55)
[2017.03.21-00.07.57:807][814]LogActorFactory: Actor Factory created SM_Rock
[2017.03.21-00.08.01:989][856]LogActorFactory: Actor Factory created SM_Rock
[2017.03.21-00.08.21:651][ 67]LogEditorViewport: Clicking on Actor (LMB): BP_Sky_Sphere_C (BP_Sky_Sphere)
[2017.03.21-00.10.44:020][690]LogEditorViewport: Clicking on Actor (LMB): StaticMeshActor (SM_Rock68)
[2017.03.21-00.10.47:305][720]LogEditorViewport: Clicking on Actor (LMB): StaticMeshActor (SM_Rock68)
[2017.03.21-00.10.55:002][800]Cmd: EDIT COPY
[2017.03.21-00.10.55:649][807]Cmd: EDIT PASTE
[2017.03.21-00.11.21:953][ 73]LogEditorViewport: Clicking on Actor (LMB): BP_Sky_Sphere_C (BP_Sky_Sphere)
[2017.03.21-00.11.26:240][108]LogActorFactory: Actor Factory created SM_Rock
[2017.03.21-00.11.27:602][120]LogActorFactory: Actor Factory created SM_Rock
[2017.03.21-00.11.47:702][317]LogEditorViewport: Clicking on Actor (LMB): BP_Sky_Sphere_C (BP_Sky_Sphere)
[2017.03.21-00.11.51:851][351]LogEditorViewport: Clicking on Actor (LMB): StaticMeshActor (SM_Rock70)
[2017.03.21-00.11.58:329][409]LogEditorViewport: Clicking on Actor (LMB): BP_Sky_Sphere_C (BP_Sky_Sphere)
[2017.03.21-00.12.03:612][452]LogActorFactory: Actor Factory created SM_Rock
[2017.03.21-00.12.11:129][523]LogActorFactory: Actor Factory created SM_Rock
[2017.03.21-00.12.33:867][749]LogEditorViewport: Clicking on Actor (LMB): BP_Sky_Sphere_C (BP_Sky_Sphere)
[2017.03.21-00.12.49:683][895]LogEditorViewport: Clicking on Actor (LMB): StaticMeshActor (SM_Rock66)
[2017.03.21-00.12.55:251][946]LogEditorViewport: Clicking on Actor (LMB): BP_Sky_Sphere_C (BP_Sky_Sphere)
[2017.03.21-00.13.05:737][ 40]LogActorFactory: Actor Factory created SM_Rock
[2017.03.21-00.13.10:101][ 79]LogActorFactory: Actor Factory created SM_Rock
[2017.03.21-00.14.12:556][731]LogSavePackage: Save=1128.23ms
[2017.03.21-00.14.12:585][731]LogSavePackage: Moving '../../../../../../Users/Christian/Documents/Unreal Projects/TheShadowRealm/Saved/Minimal_DefaultEF82495C4A964B90117C20AA52EEE672.tmp' to '../../../../../../Users/Christian/Documents/Unreal Projects/TheShadowRealm/Content/StarterContent/Maps/Minimal_Default.umap'
[2017.03.21-00.14.12:738][731]LogSavePackage:Display: Finished SavePackage ../../../../../../Users/Christian/Documents/Unreal Projects/TheShadowRealm/Content/StarterContent/Maps/Minimal_Default.umap
[2017.03.21-00.14.12:986][731]LogFileHelpers: Saving map 'Minimal_Default' took 2.994
[2017.03.21-00.14.32:528][852]LogGameProjectGeneration:Verbose: 'C:/Program Files (x86)/Epic Games/4.14/Templates/TP_ThirdPersonBP/Media/TP_ThirdPersonBP.png': Skipping as it is in an ignored folder 'Media'
[2017.03.21-00.14.32:528][852]LogGameProjectGeneration:Verbose: 'C:/Program Files (x86)/Epic Games/4.14/Templates/TP_ThirdPersonBP/Media/TP_ThirdPersonBP_Preview.png': Skipping as it is in an ignored folder 'Media'
[2017.03.21-00.14.37:495][853]Cmd: CLOSE_SLATE_MAINFRAME
[2017.03.21-00.14.39:669][854]Cmd: QUIT_EDITOR
[2017.03.21-00.14.40:536][854]LogWindowsTextInputMethodSystem:Display: IME system now deactivated.
[2017.03.21-00.14.40:903][854]LogExit: Preparing to exit.
[2017.03.21-00.14.48:305][854]LogDirectoryWatcher: A directory notification for 'C:/Users/Christian/Documents/Unreal Projects/TheShadowRealm/Content/' was aborted.
[2017.03.21-00.14.49:769][854]LogExit: Editor shut down
[2017.03.21-00.14.49:780][854]LogExit: Transaction tracking system shut down
[2017.03.21-00.14.50:969][854]LogObj: Freed 0b from 0 cluster array pools.
[2017.03.21-00.14.50:974][854]LogExit: Object subsystem successfully closed.
[2017.03.21-00.14.51:901][854]LogD3D11RHI: Shutdown
[2017.03.21-00.14.51:901][854]LogD3D11RHI: CleanupD3DDevice
[2017.03.21-00.14.52:747][854]LogD3D11RHI: ~FD3D11DynamicRHI
[2017.03.21-00.14.53:675][854]LogHttp:Display: Http module shutting down, but needs to wait on 1 outstanding Http requests:
[2017.03.21-00.14.53:675][854]LogHttp:Display: 	verb=[POST] url=[https://datarouter.ol.epicgames.com/datarouter/api/v1/public/data?SessionID=%7B19BE48BE-474F-B0CE-B39B-BF8068A6C8AD%7D&AppID=UEEditor.Rocket.Release&AppVersion=4.14.3-3249277%2B%2B%2BUE4%2BRelease-4.14&UserID=16da2cd44f2be9289645fcae61fbbaed%7C338dfd4c74514d8b918ac5270183860e%7Cddfd98a5-d839-4321-83d1-52d3e8a63764&AppEnvironment=datacollector-binary&UploadType=eteventstream] status=Processing
[2017.03.21-00.14.53:695][854]LogModuleManager: Shutting down and abandoning module HierarchicalLODOutliner (241)
[2017.03.21-00.14.53:695][854]LogModuleManager: Shutting down and abandoning module CrashTracker (240)
[2017.03.21-00.14.53:695][854]LogModuleManager: Shutting down and abandoning module SceneOutliner (239)
[2017.03.21-00.14.53:695][854]LogModuleManager: Shutting down and abandoning module WidgetCarousel (238)
[2017.03.21-00.14.53:695][854]LogModuleManager: Shutting down and abandoning module AddContentDialog (237)
[2017.03.21-00.14.53:696][854]LogDirectoryWatcher: A directory notification for 'C:/Program Files (x86)/Epic Games/4.14/FeaturePacks/' was aborted.
[2017.03.21-00.14.53:760][854]LogModuleManager: Shutting down and abandoning module GameplayTags (236)
[2017.03.21-00.14.53:761][854]LogModuleManager: Shutting down and abandoning module EditorWidgets (235)
[2017.03.21-00.14.53:761][854]LogModuleManager: Shutting down and abandoning module CollectionManager (234)
[2017.03.21-00.14.53:761][854]LogDirectoryWatcher: A directory notification for 'C:/Users/Christian/Documents/Unreal Projects/TheShadowRealm/Content/Collections/' was aborted.
[2017.03.21-00.14.53:781][854]LogDirectoryWatcher: A directory notification for 'C:/Users/Christian/Documents/Unreal Projects/TheShadowRealm/Content/Developers/Christian/Collections/' was aborted.
[2017.03.21-00.14.53:782][854]LogDirectoryWatcher: A directory notification for 'C:/Users/Christian/Documents/Unreal Projects/TheShadowRealm/Saved/Collections/' was aborted.
[2017.03.21-00.14.53:782][854]LogModuleManager: Shutting down and abandoning module StatsViewer (233)
[2017.03.21-00.14.53:782][854]LogModuleManager: Shutting down and abandoning module FoliageEdit (232)
[2017.03.21-00.14.53:782][854]LogModuleManager: Shutting down and abandoning module LandscapeEditor (231)
[2017.03.21-00.14.53:783][854]LogModuleManager: Shutting down and abandoning module SceneDepthPickerMode (230)
[2017.03.21-00.14.53:783][854]LogModuleManager: Shutting down and abandoning module ActorPickerMode (229)
[2017.03.21-00.14.53:783][854]LogModuleManager: Shutting down and abandoning module GeometryMode (228)
[2017.03.21-00.14.53:783][854]LogModuleManager: Shutting down and abandoning module TextureAlignMode (227)
[2017.03.21-00.14.53:783][854]LogModuleManager: Shutting down and abandoning module BspMode (226)
[2017.03.21-00.14.53:783][854]LogModuleManager: Shutting down and abandoning module HardwareSurvey (225)
[2017.03.21-00.14.53:783][854]LogModuleManager: Shutting down and abandoning module SequenceRecorderSections (224)
[2017.03.21-00.14.53:783][854]LogModuleManager: Shutting down and abandoning module AutomationWorker (223)
[2017.03.21-00.14.53:784][854]LogModuleManager: Shutting down and abandoning module MatineeToLevelSequence (222)
[2017.03.21-00.14.53:784][854]LogModuleManager: Shutting down and abandoning module PlacementMode (221)
[2017.03.21-00.14.53:791][854]LogModuleManager: Shutting down and abandoning module LevelSequenceEditor (220)
[2017.03.21-00.14.53:792][854]LogModuleManager: Shutting down and abandoning module WmfMediaFactory (219)
[2017.03.21-00.14.53:792][854]LogModuleManager: Shutting down and abandoning module WmfMediaEditor (218)
[2017.03.21-00.14.53:792][854]LogModuleManager: Shutting down and abandoning module AvfMediaFactory (217)
[2017.03.21-00.14.53:792][854]LogModuleManager: Shutting down and abandoning module AvfMediaEditor (216)
[2017.03.21-00.14.53:792][854]LogModuleManager: Shutting down and abandoning module Media (215)
[2017.03.21-00.14.53:792][854]LogModuleManager: Shutting down and abandoning module AndroidMediaFactory (214)
[2017.03.21-00.14.53:792][854]LogModuleManager: Shutting down and abandoning module AndroidMediaEditor (213)
[2017.03.21-00.14.53:792][854]LogModuleManager: Shutting down and abandoning module CharacterAI (212)
[2017.03.21-00.14.53:792][854]LogModuleManager: Shutting down and abandoning module SequenceRecorder (211)
[2017.03.21-00.14.53:792][854]LogModuleManager: Shutting down and abandoning module AudioCapture (210)
[2017.03.21-00.14.53:792][854]LogModuleManager: Shutting down and abandoning module SmartSnapping (209)
[2017.03.21-00.14.53:792][854]LogModuleManager: Shutting down and abandoning module SessionServices (208)
[2017.03.21-00.14.53:792][854]LogModuleManager: Shutting down and abandoning module ViewportSnapping (207)
[2017.03.21-00.14.53:793][854]LogModuleManager: Shutting down and abandoning module ViewportInteraction (206)
[2017.03.21-00.14.53:793][854]LogModuleManager: Shutting down and abandoning module LogVisualizer (205)
[2017.03.21-00.14.53:793][854]LogModuleManager: Shutting down and abandoning module GameProjectGeneration (204)
[2017.03.21-00.14.53:793][854]LogModuleManager: Shutting down and abandoning module IntroTutorials (203)
[2017.03.21-00.14.53:793][854]LogModuleManager: Shutting down and abandoning module EditorLiveStreaming (202)
[2017.03.21-00.14.53:793][854]LogModuleManager: Shutting down and abandoning module IOSPlatformEditor (201)
[2017.03.21-00.14.53:794][854]LogModuleManager: Shutting down and abandoning module HTML5PlatformEditor (200)
[2017.03.21-00.14.53:794][854]LogModuleManager: Shutting down and abandoning module AndroidDeviceDetection (199)
[2017.03.21-00.14.54:097][854]LogModuleManager: Shutting down and abandoning module AndroidPlatformEditor (198)
[2017.03.21-00.14.54:097][854]LogModuleManager: Shutting down and abandoning module IOSRuntimeSettings (197)
[2017.03.21-00.14.54:097][854]LogModuleManager: Shutting down and abandoning module AndroidRuntimeSettings (196)
[2017.03.21-00.14.54:097][854]LogModuleManager: Shutting down and abandoning module InputBindingEditor (195)
[2017.03.21-00.14.54:097][854]LogModuleManager: Shutting down and abandoning module NiagaraEditor (194)
[2017.03.21-00.14.54:098][854]LogModuleManager: Shutting down and abandoning module MergeActors (193)
[2017.03.21-00.14.54:098][854]LogModuleManager: Shutting down and abandoning module SizeMap (192)
[2017.03.21-00.14.54:098][854]LogModuleManager: Shutting down and abandoning module TreeMap (191)
[2017.03.21-00.14.54:098][854]LogModuleManager: Shutting down and abandoning module ReferenceViewer (190)
[2017.03.21-00.14.54:098][854]LogModuleManager: Shutting down and abandoning module LocalizationService (189)
[2017.03.21-00.14.54:098][854]LogModuleManager: Shutting down and abandoning module LocalizationDashboard (188)
[2017.03.21-00.14.54:098][854]LogModuleManager: Shutting down and abandoning module HardwareTargeting (187)
[2017.03.21-00.14.54:098][854]LogModuleManager: Shutting down and abandoning module DeviceProfileEditor (186)
[2017.03.21-00.14.54:098][854]LogModuleManager: Shutting down and abandoning module UndoHistory (185)
[2017.03.21-00.14.54:098][854]LogModuleManager: Shutting down and abandoning module UserFeedback (184)
[2017.03.21-00.14.54:099][854]LogModuleManager: Shutting down and abandoning module XmlParser (183)
[2017.03.21-00.14.54:099][854]LogModuleManager: Shutting down and abandoning module Blutility (182)
[2017.03.21-00.14.54:099][854]LogModuleManager: Shutting down and abandoning module ProjectTargetPlatformEditor (181)
[2017.03.21-00.14.54:100][854]LogModuleManager: Shutting down and abandoning module ProjectSettingsViewer (180)
[2017.03.21-00.14.54:101][854]LogModuleManager: Shutting down and abandoning module EditorSettingsViewer (179)
[2017.03.21-00.14.54:101][854]LogModuleManager: Shutting down and abandoning module SettingsEditor (178)
[2017.03.21-00.14.54:101][854]LogModuleManager: Shutting down and abandoning module ProjectLauncher (177)
[2017.03.21-00.14.54:101][854]LogModuleManager: Shutting down and abandoning module SessionFrontend (176)
[2017.03.21-00.14.54:101][854]LogModuleManager: Shutting down and abandoning module ProfilerClient (175)
[2017.03.21-00.14.54:102][854]LogModuleManager: Shutting down and abandoning module TargetDeviceServices (174)
[2017.03.21-00.14.54:102][854]LogModuleManager: Shutting down and abandoning module DeviceManager (173)
[2017.03.21-00.14.54:147][854]LogModuleManager: Shutting down and abandoning module AutomationController (172)
[2017.03.21-00.14.54:147][854]LogModuleManager: Shutting down and abandoning module AutomationWindow (171)
[2017.03.21-00.14.54:147][854]LogModuleManager: Shutting down and abandoning module Layers (170)
[2017.03.21-00.14.54:147][854]LogModuleManager: Shutting down and abandoning module ComponentVisualizers (169)
[2017.03.21-00.14.54:147][854]LogModuleManager: Shutting down and abandoning module DetailCustomizations (168)
[2017.03.21-00.14.54:147][854]LogModuleManager: Shutting down and abandoning module PackagesDialog (167)
[2017.03.21-00.14.54:148][854]LogModuleManager: Shutting down and abandoning module AnimGraph (166)
[2017.03.21-00.14.54:148][854]LogModuleManager: Shutting down and abandoning module Persona (165)
[2017.03.21-00.14.54:149][854]LogModuleManager: Shutting down and abandoning module Kismet (164)
[2017.03.21-00.14.54:150][854]LogModuleManager: Shutting down and abandoning module GraphEditor (163)
[2017.03.21-00.14.54:151][854]LogModuleManager: Shutting down and abandoning module ClassViewer (162)
[2017.03.21-00.14.54:151][854]LogModuleManager: Shutting down and abandoning module Toolbox (161)
[2017.03.21-00.14.54:151][854]LogModuleManager: Shutting down and abandoning module ModuleUI (160)
[2017.03.21-00.14.54:151][854]LogModuleManager: Shutting down and abandoning module MovieSceneTools (159)
[2017.03.21-00.14.54:151][854]LogModuleManager: Shutting down and abandoning module OutputLog (158)
[2017.03.21-00.14.54:152][854]LogModuleManager: Shutting down and abandoning module GammaUI (157)
[2017.03.21-00.14.54:152][854]LogModuleManager: Shutting down and abandoning module Documentation (156)
[2017.03.21-00.14.54:152][854]LogModuleManager: Shutting down and abandoning module Niagara (155)
[2017.03.21-00.14.54:152][854]LogModuleManager: Shutting down and abandoning module StreamingPauseRendering (154)
[2017.03.21-00.14.54:152][854]LogModuleManager: Shutting down and abandoning module AnalyticsET (153)
[2017.03.21-00.14.54:152][854]LogModuleManager: Shutting down and abandoning module PortalServices (152)
[2017.03.21-00.14.54:152][854]LogModuleManager: Shutting down and abandoning module PortalRpc (151)
[2017.03.21-00.14.54:152][854]LogModuleManager: Shutting down and abandoning module MessagingRpc (150)
[2017.03.21-00.14.54:152][854]LogModuleManager: Shutting down and abandoning module GameplayDebugger (149)
[2017.03.21-00.14.54:152][854]LogModuleManager: Shutting down and abandoning module AITestSuite (148)
[2017.03.21-00.14.54:152][854]LogModuleManager: Shutting down and abandoning module AIModule (147)
[2017.03.21-00.14.54:152][854]LogModuleManager: Shutting down and abandoning module ProfilerService (146)
[2017.03.21-00.14.54:335][854]LogModuleManager: Shutting down and abandoning module TaskGraph (145)
[2017.03.21-00.14.54:335][854]LogModuleManager: Shutting down and abandoning module SlateRemote (144)
[2017.03.21-00.14.54:335][854]LogModuleManager: Shutting down and abandoning module SteamVRController (143)
[2017.03.21-00.14.54:335][854]LogModuleManager: Shutting down and abandoning module SteamVR (142)
[2017.03.21-00.14.54:335][854]LogModuleManager: Shutting down and abandoning module ProceduralMeshComponentEditor (141)
[2017.03.21-00.14.54:335][854]LogModuleManager: Shutting down and abandoning module ProceduralMeshComponent (140)
[2017.03.21-00.14.54:335][854]LogModuleManager: Shutting down and abandoning module OculusLibrary (139)
[2017.03.21-00.14.54:335][854]LogModuleManager: Shutting down and abandoning module OculusInput (138)
[2017.03.21-00.14.54:335][854]LogModuleManager: Shutting down and abandoning module MobilePatchingUtils (137)
[2017.03.21-00.14.54:335][854]LogModuleManager: Shutting down and abandoning module CustomMeshComponent (136)
[2017.03.21-00.14.54:335][854]LogModuleManager: Shutting down and abandoning module CableComponent (135)
[2017.03.21-00.14.54:336][854]LogModuleManager: Shutting down and abandoning module ArchVisCharacter (134)
[2017.03.21-00.14.54:336][854]LogModuleManager: Shutting down and abandoning module MediaPlayerEditor (132)
[2017.03.21-00.14.54:336][854]LogModuleManager: Shutting down and abandoning module HTML5Networking (131)
[2017.03.21-00.14.54:336][854]LogModuleManager: Shutting down and abandoning module GeometryCacheEd (130)
[2017.03.21-00.14.54:336][854]LogModuleManager: Shutting down and abandoning module GeometryCache (129)
[2017.03.21-00.14.54:336][854]LogModuleManager: Shutting down and abandoning module AlembicLibrary (128)
[2017.03.21-00.14.54:336][854]LogModuleManager: Shutting down and abandoning module AlembicImporter (127)
[2017.03.21-00.14.54:336][854]LogModuleManager: Shutting down and abandoning module SuperSearch (126)
[2017.03.21-00.14.54:336][854]LogModuleManager: Shutting down and abandoning module SuperSearchEditor (125)
[2017.03.21-00.14.54:336][854]LogModuleManager: Shutting down and abandoning module SpeedTreeImporter (124)
[2017.03.21-00.14.54:336][854]LogModuleManager: Shutting down and abandoning module PluginBrowser (123)
[2017.03.21-00.14.54:336][854]LogModuleManager: Shutting down and abandoning module MobileLauncherProfileWizard (122)
[2017.03.21-00.14.54:337][854]LogModuleManager: Shutting down and abandoning module EpicSurvey (121)
[2017.03.21-00.14.54:337][854]LogModuleManager: Shutting down and abandoning module DesktopPlatform (120)
[2017.03.21-00.14.54:337][854]LogModuleManager: Shutting down and abandoning module VisualStudioSourceCodeAccess (119)
[2017.03.21-00.14.54:337][854]LogModuleManager: Shutting down and abandoning module UObjectPlugin (118)
[2017.03.21-00.14.54:338][854]LogModuleManager: Shutting down and abandoning module SubversionSourceControl (117)
[2017.03.21-00.14.54:338][854]LogModuleManager: Shutting down and abandoning module PerforceSourceControl (116)
[2017.03.21-00.14.54:338][854]LogModuleManager: Shutting down and abandoning module SourceControl (115)
[2017.03.21-00.14.54:339][854]LogModuleManager: Shutting down and abandoning module GitSourceControl (114)
[2017.03.21-00.14.54:339][854]LogModuleManager: Shutting down and abandoning module LightPropagationVolumeEditor (113)
[2017.03.21-00.14.54:339][854]LogModuleManager: Shutting down and abandoning module PaperTiledImporter (112)
[2017.03.21-00.14.54:339][854]LogModuleManager: Shutting down and abandoning module PaperSpriteSheetImporter (111)
[2017.03.21-00.14.54:339][854]LogModuleManager: Shutting down and abandoning module MeshPaint (110)
[2017.03.21-00.14.54:339][854]LogModuleManager: Shutting down and abandoning module PixelInspectorModule (109)
[2017.03.21-00.14.54:339][854]LogModuleManager: Shutting down and abandoning module HotReload (108)
[2017.03.21-00.14.54:349][854]LogModuleManager: Shutting down and abandoning module MainFrame (107)
[2017.03.21-00.14.54:349][854]LogModuleManager: Shutting down and abandoning module LevelEditor (106)
[2017.03.21-00.14.54:356][854]LogModuleManager: Shutting down and abandoning module ContentBrowser (105)
[2017.03.21-00.14.54:372][854]LogModuleManager: Shutting down and abandoning module Paper2DEditor (104)
[2017.03.21-00.14.54:372][854]LogModuleManager: Shutting down and abandoning module UdpMessaging (103)
[2017.03.21-00.14.54:501][854]LogModuleManager: Shutting down and abandoning module TcpMessaging (102)
[2017.03.21-00.14.54:603][854]LogModuleManager: Shutting down and abandoning module LightPropagationVolumeRuntime (101)
[2017.03.21-00.14.54:603][854]LogModuleManager: Shutting down and abandoning module Paper2D (100)
[2017.03.21-00.14.54:603][854]LogModuleManager: Shutting down and abandoning module WindowsMoviePlayer (99)
[2017.03.21-00.14.54:604][854]LogModuleManager: Shutting down and abandoning module WmfMedia (98)
[2017.03.21-00.14.54:605][854]LogModuleManager: Shutting down and abandoning module MediaAssets (97)
[2017.03.21-00.14.54:606][854]LogModuleManager: Shutting down and abandoning module GameLiveStreaming (96)
[2017.03.21-00.14.54:606][854]LogModuleManager: Shutting down and abandoning module GameplayTagsEditor (95)
[2017.03.21-00.14.54:606][854]LogModuleManager: Shutting down and abandoning module VREditor (94)
[2017.03.21-00.14.54:606][854]LogModuleManager: Shutting down and abandoning module GameplayTasksEditor (93)
[2017.03.21-00.14.54:606][854]LogModuleManager: Shutting down and abandoning module BehaviorTreeEditor (92)
[2017.03.21-00.14.54:606][854]LogModuleManager: Shutting down and abandoning module FunctionalTesting (91)
[2017.03.21-00.14.54:606][854]LogModuleManager: Shutting down and abandoning module CollisionAnalyzer (90)
[2017.03.21-00.14.54:606][854]LogModuleManager: Shutting down and abandoning module Sequencer (89)
[2017.03.21-00.14.54:608][854]LogModuleManager: Shutting down and abandoning module WorkspaceMenuStructure (88)
[2017.03.21-00.14.54:609][854]LogModuleManager: Shutting down and abandoning module MessageLog (87)
[2017.03.21-00.14.54:609][854]LogModuleManager: Shutting down and abandoning module AssetTools (86)
[2017.03.21-00.14.54:609][854]LogModuleManager: Shutting down and abandoning module UMGEditor (85)
[2017.03.21-00.14.54:609][854]LogModuleManager: Shutting down and abandoning module UMG (84)
[2017.03.21-00.14.54:609][854]LogModuleManager: Shutting down and abandoning module SlateReflector (83)
[2017.03.21-00.14.54:609][854]LogModuleManager: Shutting down and abandoning module Slate (82)
[2017.03.21-00.14.54:610][854]LogModuleManager: Shutting down and abandoning module EditorStyle (81)
[2017.03.21-00.14.54:667][854]LogModuleManager: Shutting down and abandoning module SourceCodeAccess (80)
[2017.03.21-00.14.54:669][854]LogModuleManager: Shutting down and abandoning module HeadMountedDisplay (79)
[2017.03.21-00.14.54:669][854]LogModuleManager: Shutting down and abandoning module XAudio2 (78)
[2017.03.21-00.14.54:669][854]LogModuleManager: Shutting down and abandoning module Networking (76)
[2017.03.21-00.14.54:669][854]LogModuleManager: Shutting down and abandoning module Core (75)
[2017.03.21-00.14.54:670][854]LogModuleManager: Shutting down and abandoning module DirectoryWatcher (74)
[2017.03.21-00.14.54:670][854]LogDirectoryWatcher: A directory notification for '../../../Engine/Content/' was aborted.
[2017.03.21-00.14.54:674][854]LogDirectoryWatcher: A directory notification for '../../../../../../Users/Christian/Documents/Unreal Projects/TheShadowRealm/Content/' was aborted.
[2017.03.21-00.14.54:677][854]LogDirectoryWatcher: A directory notification for '../../../Engine/Plugins/2D/Paper2D/Content/' was aborted.
[2017.03.21-00.14.54:711][854]LogModuleManager: Shutting down and abandoning module AssetRegistry (73)
[2017.03.21-00.14.55:205][854]LogModuleManager: Shutting down and abandoning module KismetCompiler (72)
[2017.03.21-00.14.55:205][854]LogModuleManager: Shutting down and abandoning module PhysXFormats (71)
[2017.03.21-00.14.55:205][854]LogModuleManager: Shutting down and abandoning module SimplygonSwarm (70)
[2017.03.21-00.14.55:205][854]LogModuleManager: Shutting down and abandoning module SimplygonMeshReduction (69)
[2017.03.21-00.14.55:205][854]LogModuleManager: Shutting down and abandoning module QuadricMeshReduction (68)
[2017.03.21-00.14.55:205][854]LogModuleManager: Shutting down and abandoning module PropertyEditor (67)
[2017.03.21-00.14.55:205][854]LogModuleManager: Shutting down and abandoning module MeshUtilities (66)
[2017.03.21-00.14.55:206][854]LogModuleManager: Shutting down and abandoning module DerivedDataCache (65)
[2017.03.21-00.14.55:276][854]LogDerivedDataCache: Shutdown
[2017.03.21-00.14.55:276][854]LogModuleManager: Shutting down and abandoning module VulkanShaderFormat (64)
[2017.03.21-00.14.55:276][854]LogModuleManager: Shutting down and abandoning module ShaderFormatOpenGL (63)
[2017.03.21-00.14.55:276][854]LogModuleManager: Shutting down and abandoning module ShaderFormatD3D (62)
[2017.03.21-00.14.55:276][854]LogModuleManager: Shutting down and abandoning module MetalShaderFormat (61)
[2017.03.21-00.14.55:282][854]LogModuleManager: Shutting down and abandoning module TextureFormatUncompressed (60)
[2017.03.21-00.14.55:282][854]LogModuleManager: Shutting down and abandoning module TextureFormatPVR (59)
[2017.03.21-00.14.55:282][854]LogModuleManager: Shutting down and abandoning module TextureFormatDXT (58)
[2017.03.21-00.14.55:283][854]LogModuleManager: Shutting down and abandoning module TextureFormatIntelISPCTexComp (57)
[2017.03.21-00.14.55:283][854]LogModuleManager: Shutting down and abandoning module ImageWrapper (56)
[2017.03.21-00.14.55:283][854]LogModuleManager: Shutting down and abandoning module TextureFormatASTC (55)
[2017.03.21-00.14.55:284][854]LogModuleManager: Shutting down and abandoning module TextureFormatAndroid (54)
[2017.03.21-00.14.55:284][854]LogModuleManager: Shutting down and abandoning module AudioFormatOpus (53)
[2017.03.21-00.14.55:284][854]LogModuleManager: Shutting down and abandoning module AudioFormatOgg (52)
[2017.03.21-00.14.55:284][854]LogModuleManager: Shutting down and abandoning module AudioFormatADPCM (51)
[2017.03.21-00.14.55:284][854]LogModuleManager: Shutting down and abandoning module LinuxTargetPlatform (50)
[2017.03.21-00.14.55:284][854]LogModuleManager: Shutting down and abandoning module LinuxServerTargetPlatform (49)
[2017.03.21-00.14.55:284][854]LogModuleManager: Shutting down and abandoning module LinuxNoEditorTargetPlatform (48)
[2017.03.21-00.14.55:285][854]LogModuleManager: Shutting down and abandoning module LinuxClientTargetPlatform (47)
[2017.03.21-00.14.55:285][854]LogModuleManager: Shutting down and abandoning module TVOSTargetPlatform (46)
[2017.03.21-00.14.55:285][854]LogModuleManager: Shutting down and abandoning module Messaging (45)
[2017.03.21-00.14.55:285][854]LogModuleManager: Shutting down and abandoning module IOSTargetPlatform (44)
[2017.03.21-00.14.55:285][854]LogModuleManager: Shutting down and abandoning module HTML5TargetPlatform (43)
[2017.03.21-00.14.55:285][854]LogModuleManager: Shutting down and abandoning module Android_PVRTCTargetPlatform (42)
[2017.03.21-00.14.55:285][854]LogModuleManager: Shutting down and abandoning module Android_MultiTargetPlatform (41)
[2017.03.21-00.14.55:285][854]LogModuleManager: Shutting down and abandoning module Android_ETC2TargetPlatform (40)
[2017.03.21-00.14.55:286][854]LogModuleManager: Shutting down and abandoning module Android_ETC1TargetPlatform (39)
[2017.03.21-00.14.55:286][854]LogModuleManager: Shutting down and abandoning module Android_DXTTargetPlatform (38)
[2017.03.21-00.14.55:286][854]LogModuleManager: Shutting down and abandoning module Android_ATCTargetPlatform (37)
[2017.03.21-00.14.55:286][854]LogModuleManager: Shutting down and abandoning module Android_ASTCTargetPlatform (36)
[2017.03.21-00.14.55:286][854]LogModuleManager: Shutting down and abandoning module AndroidTargetPlatform (35)
[2017.03.21-00.14.55:286][854]LogModuleManager: Shutting down and abandoning module WindowsTargetPlatform (34)
[2017.03.21-00.14.55:286][854]LogModuleManager: Shutting down and abandoning module WindowsServerTargetPlatform (33)
[2017.03.21-00.14.55:286][854]LogModuleManager: Shutting down and abandoning module WindowsNoEditorTargetPlatform (32)
[2017.03.21-00.14.55:286][854]LogModuleManager: Shutting down and abandoning module WindowsClientTargetPlatform (31)
[2017.03.21-00.14.55:286][854]LogModuleManager: Shutting down and abandoning module MacTargetPlatform (30)
[2017.03.21-00.14.55:286][854]LogModuleManager: Shutting down and abandoning module MacServerTargetPlatform (29)
[2017.03.21-00.14.55:286][854]LogModuleManager: Shutting down and abandoning module MacNoEditorTargetPlatform (28)
[2017.03.21-00.14.55:286][854]LogModuleManager: Shutting down and abandoning module MacClientTargetPlatform (27)
[2017.03.21-00.14.55:287][854]LogModuleManager: Shutting down and abandoning module AllDesktopTargetPlatform (26)
[2017.03.21-00.14.55:289][854]LogModuleManager: Shutting down and abandoning module TargetPlatform (25)
[2017.03.21-00.14.55:290][854]LogModuleManager: Shutting down and abandoning module InputCore (24)
[2017.03.21-00.14.55:290][854]LogModuleManager: Shutting down and abandoning module Settings (23)
[2017.03.21-00.14.55:290][854]LogModuleManager: Shutting down and abandoning module OculusRift (22)
[2017.03.21-00.14.55:290][854]LogModuleManager: Shutting down and abandoning module ExampleDeviceProfileSelector (21)
[2017.03.21-00.14.55:290][854]LogModuleManager: Shutting down and abandoning module OnlineBlueprintSupport (20)
[2017.03.21-00.14.55:290][854]LogModuleManager: Shutting down and abandoning module OnlineSubsystem (18)
[2017.03.21-00.14.55:290][854]LogOnline:Display: Unloading online subsystem: NULL
[2017.03.21-00.14.55:290][854]LogModuleManager: Shutting down and abandoning module SSL (17)
[2017.03.21-00.14.55:306][854]LogModuleManager: Shutting down and abandoning module HTTP (16)
[2017.03.21-00.14.55:306][854]LogModuleManager: Shutting down and abandoning module XMPP (15)
[2017.03.21-00.14.55:306][854]LogModuleManager: Shutting down and abandoning module TextureCompressor (14)
[2017.03.21-00.14.55:307][854]LogModuleManager: Shutting down and abandoning module ShaderCore (13)
[2017.03.21-00.14.55:307][854]LogModuleManager: Shutting down and abandoning module Landscape (12)
[2017.03.21-00.14.55:309][854]LogModuleManager: Shutting down and abandoning module SlateRHIRenderer (11)
[2017.03.21-00.14.55:345][854]LogModuleManager: Shutting down and abandoning module OpenGLDrv (10)
[2017.03.21-00.14.55:345][854]LogModuleManager: Shutting down and abandoning module D3D11RHI (9)
[2017.03.21-00.14.55:345][854]LogModuleManager: Shutting down and abandoning module AnimGraphRuntime (8)
[2017.03.21-00.14.55:345][854]LogModuleManager: Shutting down and abandoning module Renderer (7)
[2017.03.21-00.14.55:345][854]LogModuleManager: Shutting down and abandoning module Engine (6)
[2017.03.21-00.14.55:345][854]LogModuleManager: Shutting down and abandoning module CoreUObject (5)
[2017.03.21-00.14.55:345][854]LogModuleManager: Shutting down and abandoning module NetworkFile (4)
[2017.03.21-00.14.55:345][854]LogModuleManager: Shutting down and abandoning module StreamingFile (3)
[2017.03.21-00.14.55:345][854]LogModuleManager: Shutting down and abandoning module SandboxFile (2)
[2017.03.21-00.14.55:345][854]LogModuleManager: Shutting down and abandoning module PakFile (1)
[2017.03.21-00.14.55:367][854]LogExit: Exiting.
[2017.03.21-00.14.55:688][854]Log file closed, 03/20/17 18:14:55
